[    0.000000] Linux version 4.15.0-210-generic (buildd@lcy02-amd64-056) (gcc version 7.5.0 (Ubuntu 7.5.0-3ubuntu1~18.04)) #221-Ubuntu SMP Tue Apr 18 08:32:52 UTC 2023 (Ubuntu 4.15.0-210.221-generic 4.15.18)
[    0.000000] Command line: BOOT_IMAGE=/boot/vmlinuz-4.15.0-210-generic root=LABEL=cloudimg-rootfs ro console=tty1 console=ttyS0
[    0.000000] KERNEL supported cpus:
[    0.000000]   Intel GenuineIntel
[    0.000000]   AMD AuthenticAMD
[    0.000000]   Centaur CentaurHauls
[    0.000000] x86/fpu: x87 FPU will use FXSAVE
[    0.000000] e820: BIOS-provided physical RAM map:
[    0.000000] BIOS-e820: [mem 0x0000000000000000-0x000000000009fbff] usable
[    0.000000] BIOS-e820: [mem 0x000000000009fc00-0x000000000009ffff] reserved
[    0.000000] BIOS-e820: [mem 0x00000000000f0000-0x00000000000fffff] reserved
[    0.000000] BIOS-e820: [mem 0x0000000000100000-0x000000007ffeffff] usable
[    0.000000] BIOS-e820: [mem 0x000000007fff0000-0x000000007fffffff] ACPI data
[    0.000000] BIOS-e820: [mem 0x00000000fec00000-0x00000000fec00fff] reserved
[    0.000000] BIOS-e820: [mem 0x00000000fee00000-0x00000000fee00fff] reserved
[    0.000000] BIOS-e820: [mem 0x00000000fffc0000-0x00000000ffffffff] reserved
[    0.000000] NX (Execute Disable) protection: active
[    0.000000] SMBIOS 2.5 present.
[    0.000000] DMI: innotek GmbH VirtualBox/VirtualBox, BIOS VirtualBox 12/01/2006
[    0.000000] Hypervisor detected: KVM
[    0.000000] e820: last_pfn = 0x7fff0 max_arch_pfn = 0x400000000
[    0.000000] MTRR: Disabled
[    0.000000] x86/PAT: MTRRs disabled, skipping PAT initialization too.
[    0.000000] CPU MTRRs all blank - virtualized system.
[    0.000000] x86/PAT: Configuration [0-7]: WB  WT  UC- UC  WB  WT  UC- UC  
[    0.000000] found SMP MP-table at [mem 0x0009fff0-0x0009ffff]
[    0.000000] Scanning 1 areas for low memory corruption
[    0.000000] RAMDISK: [mem 0x359c9000-0x36cdbfff]
[    0.000000] ACPI: Early table checksum verification disabled
[    0.000000] ACPI: RSDP 0x00000000000E0000 000024 (v02 VBOX  )
[    0.000000] ACPI: XSDT 0x000000007FFF0030 00003C (v01 VBOX   VBOXXSDT 00000001 ASL  00000061)
[    0.000000] ACPI: FACP 0x000000007FFF00F0 0000F4 (v04 VBOX   VBOXFACP 00000001 ASL  00000061)
[    0.000000] ACPI: DSDT 0x000000007FFF0610 002353 (v02 VBOX   VBOXBIOS 00000002 INTL 20100528)
[    0.000000] ACPI: FACS 0x000000007FFF0200 000040
[    0.000000] ACPI: FACS 0x000000007FFF0200 000040
[    0.000000] ACPI: APIC 0x000000007FFF0240 00005C (v02 VBOX   VBOXAPIC 00000001 ASL  00000061)
[    0.000000] ACPI: SSDT 0x000000007FFF02A0 00036C (v01 VBOX   VBOXCPUT 00000002 INTL 20100528)
[    0.000000] ACPI: Reserving FACP table memory at [mem 0x7fff00f0-0x7fff01e3]
[    0.000000] ACPI: Reserving DSDT table memory at [mem 0x7fff0610-0x7fff2962]
[    0.000000] ACPI: Reserving FACS table memory at [mem 0x7fff0200-0x7fff023f]
[    0.000000] ACPI: Reserving FACS table memory at [mem 0x7fff0200-0x7fff023f]
[    0.000000] ACPI: Reserving APIC table memory at [mem 0x7fff0240-0x7fff029b]
[    0.000000] ACPI: Reserving SSDT table memory at [mem 0x7fff02a0-0x7fff060b]
[    0.000000] No NUMA configuration found
[    0.000000] Faking a node at [mem 0x0000000000000000-0x000000007ffeffff]
[    0.000000] NODE_DATA(0) allocated [mem 0x7ffc5000-0x7ffeffff]
[    0.000000] kvm-clock: cpu 0, msr 0:7ff44001, primary cpu clock
[    0.000000] kvm-clock: Using msrs 4b564d01 and 4b564d00
[    0.000000] kvm-clock: using sched offset of 3486695224 cycles
[    0.000000] clocksource: kvm-clock: mask: 0xffffffffffffffff max_cycles: 0x1cd42e4dffb, max_idle_ns: 881590591483 ns
[    0.000000] Zone ranges:
[    0.000000]   DMA      [mem 0x0000000000001000-0x0000000000ffffff]
[    0.000000]   DMA32    [mem 0x0000000001000000-0x000000007ffeffff]
[    0.000000]   Normal   empty
[    0.000000]   Device   empty
[    0.000000] Movable zone start for each node
[    0.000000] Early memory node ranges
[    0.000000]   node   0: [mem 0x0000000000001000-0x000000000009efff]
[    0.000000]   node   0: [mem 0x0000000000100000-0x000000007ffeffff]
[    0.000000] Reserved but unavailable: 104 pages
[    0.000000] Initmem setup node 0 [mem 0x0000000000001000-0x000000007ffeffff]
[    0.000000] ACPI: PM-Timer IO Port: 0x4008
[    0.000000] IOAPIC[0]: apic_id 2, version 32, address 0xfec00000, GSI 0-23
[    0.000000] ACPI: INT_SRC_OVR (bus 0 bus_irq 0 global_irq 2 dfl dfl)
[    0.000000] ACPI: INT_SRC_OVR (bus 0 bus_irq 9 global_irq 9 low level)
[    0.000000] Using ACPI (MADT) for SMP configuration information
[    0.000000] smpboot: Allowing 2 CPUs, 0 hotplug CPUs
[    0.000000] PM: Registered nosave memory: [mem 0x00000000-0x00000fff]
[    0.000000] PM: Registered nosave memory: [mem 0x0009f000-0x0009ffff]
[    0.000000] PM: Registered nosave memory: [mem 0x000a0000-0x000effff]
[    0.000000] PM: Registered nosave memory: [mem 0x000f0000-0x000fffff]
[    0.000000] e820: [mem 0x80000000-0xfebfffff] available for PCI devices
[    0.000000] Booting paravirtualized kernel on KVM
[    0.000000] clocksource: refined-jiffies: mask: 0xffffffff max_cycles: 0xffffffff, max_idle_ns: 7645519600211568 ns
[    0.000000] setup_percpu: NR_CPUS:8192 nr_cpumask_bits:2 nr_cpu_ids:2 nr_node_ids:1
[    0.000000] percpu: Embedded 50 pages/cpu s167936 r8192 d28672 u1048576
[    0.000000] PV qspinlock hash table entries: 256 (order: 0, 4096 bytes)
[    0.000000] Built 1 zonelists, mobility grouping on.  Total pages: 515961
[    0.000000] Policy zone: DMA32
[    0.000000] Kernel command line: BOOT_IMAGE=/boot/vmlinuz-4.15.0-210-generic root=LABEL=cloudimg-rootfs ro console=tty1 console=ttyS0
[    0.000000] Memory: 2014832K/2096696K available (12300K kernel code, 2477K rwdata, 4324K rodata, 2480K init, 2720K bss, 81864K reserved, 0K cma-reserved)
[    0.000000] SLUB: HWalign=64, Order=0-3, MinObjects=0, CPUs=2, Nodes=1
[    0.000000] ftrace: allocating 39506 entries in 155 pages
[    0.004000] Hierarchical RCU implementation.
[    0.004000] 	RCU restricting CPUs from NR_CPUS=8192 to nr_cpu_ids=2.
[    0.004000] 	Tasks RCU enabled.
[    0.004000] RCU: Adjusting geometry for rcu_fanout_leaf=16, nr_cpu_ids=2
[    0.004000] NR_IRQS: 524544, nr_irqs: 440, preallocated irqs: 16
[    0.004000] random: crng init done
[    0.004000] Console: colour VGA+ 80x25
[    0.004000] console [tty1] enabled
[    0.004000] console [ttyS0] enabled
[    0.004000] ACPI: Core revision 20170831
[    0.004000] ACPI: 2 ACPI AML tables successfully acquired and loaded
[    0.004000] APIC: Switch to symmetric I/O mode setup
[    0.004000] ..TIMER: vector=0x30 apic1=0 pin1=2 apic2=-1 pin2=-1
[    0.004004] tsc: Detected 2304.006 MHz processor
[    0.008009] Calibrating delay loop (skipped) preset value.. 4608.01 BogoMIPS (lpj=9216024)
[    0.012004] pid_max: default: 32768 minimum: 301
[    0.016064] Security Framework initialized
[    0.018611] Yama: becoming mindful.
[    0.020072] AppArmor: AppArmor initialized
[    0.029551] Dentry cache hash table entries: 262144 (order: 9, 2097152 bytes)
[    0.036642] Inode-cache hash table entries: 131072 (order: 8, 1048576 bytes)
[    0.040089] Mount-cache hash table entries: 4096 (order: 3, 32768 bytes)
[    0.044100] Mountpoint-cache hash table entries: 4096 (order: 3, 32768 bytes)
[    0.049552] Last level iTLB entries: 4KB 0, 2MB 0, 4MB 0
[    0.052009] Last level dTLB entries: 4KB 0, 2MB 0, 4MB 0, 1GB 0
[    0.056011] Spectre V1 : Mitigation: usercopy/swapgs barriers and __user pointer sanitization
[    0.060003] Spectre V2 : Mitigation: Enhanced IBRS
[    0.062847] Spectre V2 : Spectre v2 / SpectreRSB mitigation: Filling RSB on context switch
[    0.064002] Spectre V2 : Spectre v2 / PBRSB-eIBRS: Retire a single CALL on VMEXIT
[    0.068002] RETBleed: Mitigation: Enhanced IBRS
[    0.070667] Speculative Store Bypass: Vulnerable
[    0.072145] Freeing SMP alternatives memory: 36K
[    0.194102] APIC calibration not consistent with PM-Timer: 101ms instead of 100ms
[    0.196000] APIC delta adjusted to PM-Timer: 6273874 (6376706)
[    0.196249] smpboot: CPU0: 11th Gen Intel(R) Core(TM) i7-11800H @ 2.30GHz (family: 0x6, model: 0x8d, stepping: 0x1)
[    0.200326] Performance Events: unsupported p6 CPU model 141 no PMU driver, software events only.
[    0.204078] Hierarchical SRCU implementation.
[    0.208642] NMI watchdog: Perf event create on CPU 0 failed with -2
[    0.216003] NMI watchdog: Perf NMI watchdog permanently disabled
[    0.220093] smp: Bringing up secondary CPUs ...
[    0.224000] x86: Booting SMP configuration:
[    0.224003] .... node  #0, CPUs:      #1
[    0.004000] kvm-clock: cpu 1, msr 0:7ff44041, secondary cpu clock
[    0.235382] TSC synchronization [CPU#0 -> CPU#1]:
[    0.236000] Measured 55303 cycles TSC warp between CPUs, turning off TSC clock.
[    0.236000] tsc: Marking TSC unstable due to check_tsc_sync_source failed
[    0.240189] smp: Brought up 1 node, 2 CPUs
[    0.242561] smpboot: Max logical packages: 1
[    0.244004] smpboot: Total of 2 processors activated (9216.02 BogoMIPS)
[    0.252003] devtmpfs: initialized
[    0.254120] x86/mm: Memory block size: 128MB
[    0.256381] evm: security.selinux
[    0.258339] evm: security.SMACK64
[    0.260002] evm: security.SMACK64EXEC
[    0.262124] evm: security.SMACK64TRANSMUTE
[    0.264002] evm: security.SMACK64MMAP
[    0.268006] evm: security.apparmor
[    0.269981] evm: security.ima
[    0.272001] evm: security.capability
[    0.276213] clocksource: jiffies: mask: 0xffffffff max_cycles: 0xffffffff, max_idle_ns: 7645041785100000 ns
[    0.280007] futex hash table entries: 512 (order: 3, 32768 bytes)
[    0.284115] pinctrl core: initialized pinctrl subsystem
[    0.288358] RTC time: 14:16:53, date: 11/19/23
[    0.292793] NET: Registered protocol family 16
[    0.296108] audit: initializing netlink subsys (disabled)
[    0.300003] audit: type=2000 audit(1700403417.919:1): state=initialized audit_enabled=0 res=1
[    0.304005] cpuidle: using governor ladder
[    0.308006] cpuidle: using governor menu
[    0.312030] ACPI: bus type PCI registered
[    0.316003] acpiphp: ACPI Hot Plug PCI Controller Driver version: 0.5
[    0.319894] PCI: Using configuration type 1 for base access
[    0.325327] HugeTLB registered 2.00 MiB page size, pre-allocated 0 pages
[    0.332445] ACPI: Added _OSI(Module Device)
[    0.336003] ACPI: Added _OSI(Processor Device)
[    0.338544] ACPI: Added _OSI(3.0 _SCP Extensions)
[    0.340003] ACPI: Added _OSI(Processor Aggregator Device)
[    0.344003] ACPI: Added _OSI(Linux-Dell-Video)
[    0.348002] ACPI: Added _OSI(Linux-Lenovo-NV-HDMI-Audio)
[    0.351207] ACPI: Added _OSI(Linux-HPI-Hybrid-Graphics)
[    0.352677] ACPI: Executed 1 blocks of module-level executable AML code
[    0.362427] ACPI: Interpreter enabled
[    0.364012] ACPI: (supports S0 S5)
[    0.366027] ACPI: Using IOAPIC for interrupt routing
[    0.368307] PCI: Using host bridge windows from ACPI; if necessary, use "pci=nocrs" and report a bug
[    0.372176] ACPI: Enabled 2 GPEs in block 00 to 07
[    0.385248] ACPI: PCI Root Bridge [PCI0] (domain 0000 [bus 00-ff])
[    0.388013] acpi PNP0A03:00: _OSC: OS supports [ASPM ClockPM Segments MSI]
[    0.396266] acpi PNP0A03:00: _OSC: not requesting OS control; OS requires [ExtendedConfig ASPM ClockPM MSI]
[    0.400010] acpi PNP0A03:00: fail to add MMCONFIG information, can't access extended PCI configuration space under this bridge.
[    0.404486] PCI host bridge to bus 0000:00
[    0.406909] pci_bus 0000:00: root bus resource [io  0x0000-0x0cf7 window]
[    0.408003] pci_bus 0000:00: root bus resource [io  0x0d00-0xffff window]
[    0.412002] pci_bus 0000:00: root bus resource [mem 0x000a0000-0x000bffff window]
[    0.416003] pci_bus 0000:00: root bus resource [mem 0x80000000-0xfdffffff window]
[    0.420002] pci_bus 0000:00: root bus resource [bus 00-ff]
[    0.428266] pci 0000:00:01.1: legacy IDE quirk: reg 0x10: [io  0x01f0-0x01f7]
[    0.432002] pci 0000:00:01.1: legacy IDE quirk: reg 0x14: [io  0x03f6]
[    0.436002] pci 0000:00:01.1: legacy IDE quirk: reg 0x18: [io  0x0170-0x0177]
[    0.440002] pci 0000:00:01.1: legacy IDE quirk: reg 0x1c: [io  0x0376]
[    0.458053] pci 0000:00:07.0: quirk: [io  0x4000-0x403f] claimed by PIIX4 ACPI
[    0.460024] pci 0000:00:07.0: quirk: [io  0x4100-0x410f] claimed by PIIX4 SMB
[    0.473971] ACPI: PCI Interrupt Link [LNKA] (IRQs 5 9 10 *11)
[    0.476391] ACPI: PCI Interrupt Link [LNKB] (IRQs 5 9 *10 11)
[    0.480137] ACPI: PCI Interrupt Link [LNKC] (IRQs 5 *9 10 11)
[    0.484137] ACPI: PCI Interrupt Link [LNKD] (IRQs 5 9 10 *11)
[    0.488542] SCSI subsystem initialized
[    0.492112] pci 0000:00:02.0: vgaarb: setting as boot VGA device
[    0.495524] pci 0000:00:02.0: vgaarb: VGA device added: decodes=io+mem,owns=io+mem,locks=none
[    0.496005] pci 0000:00:02.0: vgaarb: bridge control possible
[    0.500002] vgaarb: loaded
[    0.501685] ACPI: bus type USB registered
[    0.504015] usbcore: registered new interface driver usbfs
[    0.508031] usbcore: registered new interface driver hub
[    0.512009] usbcore: registered new device driver usb
[    0.516075] EDAC MC: Ver: 3.0.0
[    0.518604] PCI: Using ACPI for IRQ routing
[    0.520538] NetLabel: Initializing
[    0.524005] NetLabel:  domain hash size = 128
[    0.528002] NetLabel:  protocols = UNLABELED CIPSOv4 CALIPSO
[    0.532113] NetLabel:  unlabeled traffic allowed by default
[    0.536219] clocksource: Switched to clocksource kvm-clock
[    0.543605] VFS: Disk quotas dquot_6.6.0
[    0.543605] VFS: Dquot-cache hash table entries: 512 (order 0, 4096 bytes)
[    0.543605] AppArmor: AppArmor Filesystem Enabled
[    0.543605] pnp: PnP ACPI init
[    0.543605] pnp: PnP ACPI: found 3 devices
[    0.611016] clocksource: acpi_pm: mask: 0xffffff max_cycles: 0xffffff, max_idle_ns: 2085701024 ns
[    0.612523] NET: Registered protocol family 2
[    0.612523] IP idents hash table entries: 32768 (order: 6, 262144 bytes)
[    0.626393] TCP established hash table entries: 16384 (order: 5, 131072 bytes)
[    0.631284] TCP bind hash table entries: 16384 (order: 6, 262144 bytes)
[    0.635756] TCP: Hash tables configured (established 16384 bind 16384)
[    0.639152] UDP hash table entries: 1024 (order: 3, 32768 bytes)
[    0.639152] UDP-Lite hash table entries: 1024 (order: 3, 32768 bytes)
[    0.639152] NET: Registered protocol family 1
[    0.639152] pci 0000:00:00.0: Limiting direct PCI/PCI transfers
[    0.639152] pci 0000:00:01.0: Activating ISA DMA hang workarounds
[    0.639152] pci 0000:00:02.0: Video device with shadowed ROM at [mem 0x000c0000-0x000dffff]
[    0.639152] Unpacking initramfs...
[    0.994918] Freeing initrd memory: 19532K
[    0.997656] clocksource: tsc: mask: 0xffffffffffffffff max_cycles: 0x2135fd711f6, max_idle_ns: 440795262176 ns
[    1.003470] platform rtc_cmos: registered platform RTC device (no PNP device found)
[    1.007400] Scanning for low memory corruption every 60 seconds
[    1.012872] Initialise system trusted keyrings
[    1.015409] Key type blacklist registered
[    1.018741] workingset: timestamp_bits=36 max_order=19 bucket_order=0
[    1.024180] zbud: loaded
[    1.026616] squashfs: version 4.0 (2009/01/31) Phillip Lougher
[    1.031101] fuse init (API version 7.26)
[    1.055012] Key type asymmetric registered
[    1.057581] Asymmetric key parser 'x509' registered
[    1.060602] Block layer SCSI generic (bsg) driver version 0.4 loaded (major 246)
[    1.065703] io scheduler noop registered
[    1.067951] io scheduler deadline registered
[    1.070684] io scheduler cfq registered (default)
[    1.074160] ACPI: AC Adapter [AC] (on-line)
[    1.076743] input: Power Button as /devices/LNXSYSTM:00/LNXPWRBN:00/input/input0
[    1.082115] ACPI: Power Button [PWRF]
[    1.084392] input: Sleep Button as /devices/LNXSYSTM:00/LNXSLPBN:00/input/input1
[    1.089489] ACPI: Sleep Button [SLPF]
[    1.093585] ACPI: Battery Slot [BAT0] (battery present)
[    1.097361] Serial: 8250/16550 driver, 32 ports, IRQ sharing enabled
[    1.125829] 00:02: ttyS0 at I/O 0x3f8 (irq = 4, base_baud = 115200) is a 16550A
[    1.143535] Linux agpgart interface v0.103
[    1.151156] loop: module loaded
[    1.155101] scsi host0: ata_piix
[    1.159376] scsi host1: ata_piix
[    1.161769] ata1: PATA max UDMA/33 cmd 0x1f0 ctl 0x3f6 bmdma 0xd000 irq 14
[    1.166304] ata2: PATA max UDMA/33 cmd 0x170 ctl 0x376 bmdma 0xd008 irq 15
[    1.172134] tun: Universal TUN/TAP device driver, 1.6
[    1.176254] PPP generic driver version 2.4.2
[    1.179867] ehci_hcd: USB 2.0 'Enhanced' Host Controller (EHCI) Driver
[    1.184756] ehci-pci: EHCI PCI platform driver
[    1.187927] ehci-platform: EHCI generic platform driver
[    1.192116] ohci_hcd: USB 1.1 'Open' Host Controller (OHCI) Driver
[    1.196214] ohci-pci: OHCI PCI platform driver
[    1.200077] ohci-platform: OHCI generic platform driver
[    1.203476] uhci_hcd: USB Universal Host Controller Interface driver
[    1.208535] i8042: PNP: PS/2 Controller [PNP0303:PS2K,PNP0f03:PS2M] at 0x60,0x64 irq 1,12
[    1.216950] serio: i8042 KBD port at 0x60,0x64 irq 1
[    1.220820] serio: i8042 AUX port at 0x60,0x64 irq 12
[    1.225776] mousedev: PS/2 mouse device common for all mice
[    1.230976] input: AT Translated Set 2 keyboard as /devices/platform/i8042/serio0/input/input2
[    1.239216] rtc_cmos rtc_cmos: rtc core: registered rtc_cmos as rtc0
[    1.245511] rtc_cmos rtc_cmos: alarms up to one day, 114 bytes nvram
[    1.251075] i2c /dev entries driver
[    1.254438] device-mapper: uevent: version 1.0.3
[    1.258699] device-mapper: ioctl: 4.37.0-ioctl (2017-09-20) initialised: dm-devel@redhat.com
[    1.265937] ledtrig-cpu: registered to indicate activity on CPUs
[    1.272604] NET: Registered protocol family 10
[    1.282736] Segment Routing with IPv6
[    1.285494] NET: Registered protocol family 17
[    1.289012] Key type dns_resolver registered
[    1.292395] mce: Using 0 MCE banks
[    1.295358] RAS: Correctable Errors collector initialized.
[    1.299408] sched_clock: Marking stable (1299334789, 0)->(1903985107, -604650318)
[    1.307441] registered taskstats version 1
[    1.310799] Loading compiled-in X.509 certificates
[    1.317798] Loaded X.509 cert 'Build time autogenerated kernel key: 53bf99db7da04c05fe17f7beec9ce15c83db2223'
[    1.325171] Loaded X.509 cert 'Canonical Ltd. Live Patch Signing: 14df34d1a87cf37625abec039ef2bf521249b969'
[    1.336694] Loaded X.509 cert 'Canonical Ltd. Kernel Module Signing: 88f752e560a1e0737e31163a466ad7b70a850c19'
[    1.343466] blacklist: Loading compiled-in revocation X.509 certificates
[    1.347750] Loaded X.509 cert 'Canonical Ltd. Secure Boot Signing: 61482aa2830d0ab2ad5af10b7250da9033ddcef0'
[    1.355969] Loaded X.509 cert 'Canonical Ltd. Secure Boot Signing (2017): 242ade75ac4a15e50d50c84b0d45ff3eae707a03'
[    1.362441] Loaded X.509 cert 'Canonical Ltd. Secure Boot Signing (ESM 2018): 365188c1d374d6b07c3c8f240f8ef722433d6a8b'
[    1.369513] Loaded X.509 cert 'Canonical Ltd. Secure Boot Signing (2019): c0746fd6c5da3ae827864651ad66ae47fe24b3e8'
[    1.376349] Loaded X.509 cert 'Canonical Ltd. Secure Boot Signing (2021 v1): a8d54bbb3825cfb94fa13c9f8a594a195c107b8d'
[    1.383561] Loaded X.509 cert 'Canonical Ltd. Secure Boot Signing (2021 v2): 4cf046892d6fd3c9a5b03f98d845f90851dc6a8c'
[    1.390211] Loaded X.509 cert 'Canonical Ltd. Secure Boot Signing (2021 v3): 100437bb6de6e469b581e61cd66bce3ef4ed53af'
[    1.397193] Loaded X.509 cert 'Canonical Ltd. Secure Boot Signing (Ubuntu Core 2019): c1d57b8f6b743f23ee41f4f7ee292f06eecadfb9'
[    1.404656] zswap: loaded using pool lzo/zbud
[    1.415943] Key type big_key registered
[    1.418439] Key type trusted registered
[    1.424226] Key type encrypted registered
[    1.426993] AppArmor: AppArmor sha1 policy hashing enabled
[    1.430701] ima: No TPM chip found, activating TPM-bypass! (rc=-19)
[    1.434555] ima: Allocated hash algorithm: sha1
[    1.437311] evm: HMAC attrs: 0x1
[    1.439920]   Magic number: 15:662:283
[    1.443010] rtc_cmos rtc_cmos: setting system clock to 2023-11-19 14:16:54 UTC (1700403414)
[    1.449787] BIOS EDD facility v0.16 2004-Jun-25, 0 devices found
[    1.453465] EDD information not available.
[    1.458307] Freeing unused kernel image memory: 2480K
[    1.492941] Write protecting the kernel read-only data: 20480k
[    1.497300] Freeing unused kernel image memory: 2008K
[    1.503361] Freeing unused kernel image memory: 1820K
[    1.511432] x86/mm: Checked W+X mappings: passed, no W+X pages found.
Loading, please wait...
starting version 237
[    1.570495] e1000: Intel(R) PRO/1000 Network Driver - version 7.3.21-k8-NAPI
[    1.574958] e1000: Copyright (c) 1999-2006 Intel Corporation.
[    1.599255] Fusion MPT base driver 3.04.20
[    1.602793] Copyright (c) 1999-2008 LSI Corporation
[    1.619807] SSE version of gcm_enc/dec engaged.
[    1.629499] Fusion MPT SPI Host driver 3.04.20
[    1.821127] input: ImExPS/2 Generic Explorer Mouse as /devices/platform/i8042/serio1/input/input4
[    2.215229] e1000 0000:00:03.0 eth0: (PCI:33MHz:32-bit) 02:3e:6f:b6:28:d7
[    2.220242] e1000 0000:00:03.0 eth0: Intel(R) PRO/1000 Network Connection
[    2.226005] mptbase: ioc0: Initiating bringup
[    2.338331] ioc0: LSI53C1030 A0: Capabilities={Initiator}
[    2.591125] scsi host2: ioc0: LSI53C1030 A0, FwRev=00000000h, Ports=1, MaxQ=256, IRQ=20
[    2.766710] scsi 2:0:0:0: Direct-Access     VBOX     HARDDISK         1.0  PQ: 0 ANSI: 5
[    2.828508] scsi target2:0:0: Beginning Domain Validation
[    2.836979] scsi target2:0:0: Domain Validation skipping write tests
[    2.843500] scsi target2:0:0: Ending Domain Validation
[    2.848952] scsi target2:0:0: asynchronous
[    2.855257] scsi 2:0:1:0: Direct-Access     VBOX     HARDDISK         1.0  PQ: 0 ANSI: 5
[    3.212185] scsi target2:0:1: Beginning Domain Validation
[    3.221047] scsi target2:0:1: Domain Validation skipping write tests
[    3.225542] scsi target2:0:1: Ending Domain Validation
[    3.230530] scsi target2:0:1: asynchronous
[    3.241030] sd 2:0:0:0: Attached scsi generic sg0 type 0
[    3.245371] sd 2:0:1:0: [sdb] 20480 512-byte logical blocks: (10.5 MB/10.0 MiB)
[    3.250022] sd 2:0:1:0: [sdb] Write Protect is off
[    3.253607] sd 2:0:1:0: Attached scsi generic sg1 type 0
[    3.261543] sd 2:0:1:0: [sdb] Incomplete mode parameter data
[    3.265941] sd 2:0:1:0: [sdb] Assuming drive cache: write through
[    3.275149] sd 2:0:0:0: [sda] 83886080 512-byte logical blocks: (42.9 GB/40.0 GiB)
[    3.281062] sd 2:0:0:0: [sda] Write Protect is off
[    3.285924] sd 2:0:0:0: [sda] Incomplete mode parameter data
[    3.290048] sd 2:0:0:0: [sda] Assuming drive cache: write through
[    3.295819] sd 2:0:1:0: [sdb] Attached SCSI disk
[    3.304181]  sda: sda1
[    3.308169] sd 2:0:0:0: [sda] Attached SCSI disk
[    3.418896] e1000 0000:00:08.0 eth1: (PCI:33MHz:32-bit) 08:00:27:33:6c:20
[    3.426131] e1000 0000:00:08.0 eth1: Intel(R) PRO/1000 Network Connection
[    3.433638] e1000 0000:00:08.0 enp0s8: renamed from eth1
[    3.452801] e1000 0000:00:03.0 enp0s3: renamed from eth0
Begin: Loading essential drivers ... [    5.942222] raid6: sse2x1   gen() 262356 MB/s
[    6.942403] raid6: sse2x1   xor() 260968 MB/s
[    8.933851] raid6: sse2x2   gen() 516622 MB/s
[    9.938717] raid6: sse2x2   xor() 345799 MB/s
[   10.983769] raid6: sse2x4   gen() 12938 MB/s
[   11.045594] raid6: sse2x4   xor() 16403 MB/s
[   11.048395] raid6: using algorithm sse2x2 gen() 516622 MB/s
[   11.052012] raid6: .... xor() 345799 MB/s, rmw enabled
[   11.055397] raid6: using ssse3x2 recovery algorithm
[   11.060017] xor: measuring software checksum speed
[   11.100631]    prefetch64-sse: 26090.000 MB/sec
[   11.140075]    generic_sse: 26802.000 MB/sec
[   11.143307] xor: using function: generic_sse (26802.000 MB/sec)
[   11.150042] async_tx: api initialized (async)
done.
Begin: Running /scripts/init-premount ... done.
Begin: Mounting root file system ... Begin: Running /scripts/local-top ... done.
Begin: Running /scripts/local-premount ... [   11.202422] Btrfs loaded, crc32c=crc32c-intel
Scanning for Btrfs filesystems
done.
Warning: fsck not present, so skipping root file system
[   11.248226] EXT4-fs (sda1): mounted filesystem with ordered data mode. Opts: (null)
done.
Begin: Running /scripts/local-bottom ... done.
Begin: Running /scripts/init-bottom ... done.
[   11.434098] ip_tables: (C) 2000-2006 Netfilter Core Team
[   11.449149] systemd[1]: systemd 237 running in system mode. (+PAM +AUDIT +SELINUX +IMA +APPARMOR +SMACK +SYSVINIT +UTMP +LIBCRYPTSETUP +GCRYPT +GNUTLS +ACL +XZ +LZ4 +SECCOMP +BLKID +ELFUTILS +KMOD -IDN2 +IDN -PCRE2 default-hierarchy=hybrid)
[   11.461252] systemd[1]: Detected virtualization oracle.
[   11.464647] systemd[1]: Detected architecture x86-64.

Welcome to [1mUbuntu 18.04.6 LTS[0m!

[   11.486944] systemd[1]: Set hostname to <ubuntu>.
[   11.495178] systemd[1]: Initializing machine ID from random generator.
[   11.499478] systemd[1]: Installed transient /etc/machine-id file.
[   11.775235] systemd[1]: Reached target System Time Synchronized.
[[0;32m  OK  [0m] Reached target System Time Synchronized.
[   11.782780] systemd[1]: Reached target User and Group Name Lookups.
[[0;32m  OK  [0m] Reached target User and Group Name Lookups.
[   11.790038] systemd[1]: Reached target Mounting snaps.
[[0;32m  OK  [0m] Reached target Mounting snaps.
[   11.796309] systemd[1]: Started Forward Password Requests to Wall Directory Watch.
[[0;32m  OK  [0m] Started Forward Password Requests to Wall Directory Watch.
[[0;32m  OK  [0m] Reached target Swap.
[[0;32m  OK  [0m] Created slice System Slice.
[[0;32m  OK  [0m] Listening on Network Service Netlink Socket.
[[0;32m  OK  [0m] Listening on LVM2 poll daemon socket.
[[0;32m  OK  [0m] Created slice system-serial\x2dgetty.slice.
[[0;32m  OK  [0m] Listening on Journal Socket (/dev/log).
[[0;32m  OK  [0m] Listening on udev Kernel Socket.
[[0;32m  OK  [0m] Listening on Journal Audit Socket.
[[0;32m  OK  [0m] Listening on udev Control Socket.
[[0;32m  OK  [0m] Listening on LVM2 metadata daemon socket.
[[0;32m  OK  [0m] Listening on fsck to fsckd communication Socket.
[[0;32m  OK  [0m] Listening on Device-mapper event daemon FIFOs.
[[0;32m  OK  [0m] Set up automount Arbitrary Executab…rmats File System Automount Point.
[[0;32m  OK  [0m] Created slice User and Session Slice.
[[0;32m  OK  [0m] Reached target Slices.
[[0;32m  OK  [0m] Listening on Journal Socket.
         Starting udev Coldplug all Devices...
         Mounting POSIX Message Queue File System...
         Starting Load Kernel Modules...
         Starting Set the console keyboard layout...
         Starting File System Check on Root Device...
         Starting Uncomplicated firewall...
         Starting Monitoring of LVM2 mirrors…ng dmeventd or progress polling...
[   11.924147] Loading iSCSI transport class v2.0-870.
[   11.932955] iscsi: registered transport (tcp)
[   11.949504] iscsi: registered transport (iser)
         Mounting Huge Pages File System...
         Starting Create list of required st…ce nodes for the current kernel...
[[0;32m  OK  [0m] Listening on Syslog Socket.
         Starting Journal Service...
[[0;32m  OK  [0m] Reached target Mounted snaps.
[[0;32m  OK  [0m] Listening on /dev/initctl Compatibility Named Pipe.
         Mounting Kernel Debug File System...
[[0;32m  OK  [0m] Mounted POSIX Message Queue File System.
[[0;32m  OK  [0m] Started Load Kernel Modules.
[[0;32m  OK  [0m] Started Uncomplicated firewall.
[[0;32m  OK  [0m] Mounted Huge Pages File System.
[[0;32m  OK  [0m] Started Create list of required sta…vice nodes for the current kernel.
[[0;32m  OK  [0m] Mounted Kernel Debug File System.
[[0;32m  OK  [0m] Started File System Check Daemon to report status.
         Starting Create Static Device Nodes in /dev...
         Starting Apply Kernel Variables...
         Mounting Kernel Configuration File System...
         Mounting FUSE Control File System...
[[0;32m  OK  [0m] Mounted Kernel Configuration File System.
[[0;32m  OK  [0m] Mounted FUSE Control File System.
[[0;32m  OK  [0m] Started LVM2 metadata daemon.
[[0;32m  OK  [0m] Started udev Coldplug all Devices.
[[0;32m  OK  [0m] Started Journal Service.
[[0;32m  OK  [0m] Started Create Static Device Nodes in /dev.
[[0;32m  OK  [0m] Started File System Check on Root Device.
         Starting Remount Root and Kernel File Systems...
[[0;32m  OK  [0m] Started Apply Kernel Variables.
[[0;32m  OK  [0m] Started Remount Root and Kernel File Systems.
         Starting Flush Journal to Persistent Storage...
         Starting Load/Save Random Seed...
         Starting udev Kernel Device Manager...
[[0;32m  OK  [0m] Started Set the console keyboard layout.
[[0;32m  OK  [0m] Started Monitoring of LVM2 mirrors,…sing dmeventd or progress polling.
[[0;32m  OK  [0m] Reached target Local File Systems (Pre).
[[0;32m  OK  [0m] Reached target Local File Systems.
         Starting AppArmor initialization...
         Starting ebtables ruleset management...
         Starting Set console font and keymap...
         Starting Tell Plymouth To Write Out Runtime Data...
         Starting Commit a transient machine-id on disk...
[[0;32m  OK  [0m] Started Load/Save Random Seed.
[[0;32m  OK  [0m] Started udev Kernel Device Manager.
[[0;32m  OK  [0m] Started Dispatch Password Requests to Console Directory Watch.
[[0;32m  OK  [0m] Reached target Local Encrypted Volumes.
[[0;32m  OK  [0m] Started Set console font and keymap.
[[0;32m  OK  [0m] Started Tell Plymouth To Write Out Runtime Data.
[[0;32m  OK  [0m] Started Flush Journal to Persistent Storage.
[[0;32m  OK  [0m] Started Commit a transient machine-id on disk.
         Starting Create Volatile Files and Directories...
[[0;32m  OK  [0m] Started Create Volatile Files and Directories.
         Starting Update UTMP about System Boot/Shutdown...
[[0;32m  OK  [0m] Started ebtables ruleset management.
[[0;32m  OK  [0m] Started Update UTMP about System Boot/Shutdown.
[[0;32m  OK  [0m] Found device /dev/ttyS0.
[[0;32m  OK  [0m] Listening on Load/Save RF Kill Switch Status /dev/rfkill Watch.
         Mounting Arbitrary Executable File Formats File System...
[[0;32m  OK  [0m] Mounted Arbitrary Executable File Formats File System.
[[0;32m  OK  [0m] Started AppArmor initialization.
         Starting Load AppArmor profiles managed internally by snapd...
         Starting Initial cloud-init job (pre-networking)...
[[0;32m  OK  [0m] Started Load AppArmor profiles managed internally by snapd.
[   14.260898] cloud-init[590]: Cloud-init v. 23.1.2-0ubuntu0~18.04.1 running 'init-local' at Sun, 19 Nov 2023 14:17:07 +0000. Up 13.97 seconds.
[[0;32m  OK  [0m] Started Initial cloud-init job (pre-networking).
[[0;32m  OK  [0m] Reached target Network (Pre).
         Starting Network Service...
[[0;32m  OK  [0m] Started Network Service.
         Starting Network Name Resolution...
         Starting Wait for Network to be Configured...
[[0;32m  OK  [0m] Started Network Name Resolution.
[[0;32m  OK  [0m] Reached target Host and Network Name Lookups.
[[0;32m  OK  [0m] Reached target Network.
[[0;32m  OK  [0m] Started Wait for Network to be Configured.
         Starting Initial cloud-init job (metadata service crawler)...
[   15.957159] cloud-init[710]: Cloud-init v. 23.1.2-0ubuntu0~18.04.1 running 'init' at Sun, 19 Nov 2023 14:17:08 +0000. Up 15.85 seconds.
[   15.961186] cloud-init[710]: ci-info: ++++++++++++++++++++++++++++++++++++++Net device info+++++++++++++++++++++++++++++++++++++++
[   15.964373] cloud-init[710]: ci-info: +--------+-------+----------------------------+---------------+--------+-------------------+
[   15.967792] cloud-init[710]: ci-info: | Device |   Up  |          Address           |      Mask     | Scope  |     Hw-Address    |
[   15.970889] cloud-init[710]: ci-info: +--------+-------+----------------------------+---------------+--------+-------------------+
[   15.974114] cloud-init[710]: ci-info: | enp0s3 |  True |         10.0.2.15          | 255.255.255.0 | global | 02:3e:6f:b6:28:d7 |
[   15.977711] cloud-init[710]: ci-info: | enp0s3 |  True | fe80::3e:6fff:feb6:28d7/64 |       .       |  link  | 02:3e:6f:b6:28:d7 |
[   15.981012] cloud-init[710]: ci-info: | enp0s8 | False |             .              |       .       |   .    | 08:00:27:33:6c:20 |
[   15.984888] cloud-init[710]: ci-info: |   lo   |  True |         127.0.0.1          |   255.0.0.0   |  host  |         .         |
[   15.988323] cloud-init[710]: ci-info: |   lo   |  True |          ::1/128           |       .       |  host  |         .         |
[   15.991389] cloud-init[710]: ci-info: +--------+-------+----------------------------+---------------+--------+-------------------+
[   15.994448] cloud-init[710]: ci-info: ++++++++++++++++++++++++++++Route IPv4 info+++++++++++++++++++++++++++++
[   15.997173] cloud-init[710]: ci-info: +-------+-------------+----------+-----------------+-----------+-------+
[   15.999876] cloud-init[710]: ci-info: | Route | Destination | Gateway  |     Genmask     | Interface | Flags |
[   16.002616] cloud-init[710]: ci-info: +-------+-------------+----------+-----------------+-----------+-------+
[   16.005269] cloud-init[710]: ci-info: |   0   |   0.0.0.0   | 10.0.2.2 |     0.0.0.0     |   enp0s3  |   UG  |
[   16.020509] cloud-init[710]: ci-info: |   1   |   10.0.2.0  | 0.0.0.0  |  255.255.255.0  |   enp0s3  |   U   |
[   16.022984] cloud-init[710]: ci-info: |   2   |   10.0.2.2  | 0.0.0.0  | 255.255.255.255 |   enp0s3  |   UH  |
[   16.025276] cloud-init[710]: ci-info: +-------+-------------+----------+-----------------+-----------+-------+
[   16.028032] cloud-init[710]: ci-info: +++++++++++++++++++Route IPv6 info+++++++++++++++++++
[   16.029991] cloud-init[710]: ci-info: +-------+-------------+---------+-----------+-------+
[   16.031931] cloud-init[710]: ci-info: | Route | Destination | Gateway | Interface | Flags |
[   16.033826] cloud-init[710]: ci-info: +-------+-------------+---------+-----------+-------+
[   16.036166] cloud-init[710]: ci-info: |   1   |  fe80::/64  |    ::   |   enp0s3  |   U   |
[   16.038222] cloud-init[710]: ci-info: |   3   |    local    |    ::   |   enp0s3  |   U   |
[   16.040261] cloud-init[710]: ci-info: |   4   |   ff00::/8  |    ::   |   enp0s3  |   U   |
[   16.042071] cloud-init[710]: ci-info: +-------+-------------+---------+-----------+-------+
[   16.679002] cloud-init[710]: Generating public/private rsa key pair.
[   16.680431] cloud-init[710]: Your identification has been saved in /etc/ssh/ssh_host_rsa_key.
[   16.682496] cloud-init[710]: Your public key has been saved in /etc/ssh/ssh_host_rsa_key.pub.
[   16.684445] cloud-init[710]: The key fingerprint is:
[   16.685520] cloud-init[710]: SHA256:WmATa57P4QCigUL3pLVDpdPWzRI25EoMv+QZVMqapI4 root@ubuntu-bionic
[   16.687479] cloud-init[710]: The key's randomart image is:
[   16.689052] cloud-init[710]: +---[RSA 2048]----+
[   16.690153] cloud-init[710]: | . . =ooo*       |
[   16.691200] cloud-init[710]: |o . * Xo= =      |
[   16.692228] cloud-init[710]: |+ ...B*@ + o     |
[   16.693285] cloud-init[710]: |.o .o=X+= .      |
[   16.694262] cloud-init[710]: |.  . o+=S        |
[   16.695274] cloud-init[710]: |  o    B .       |
[   16.696515] cloud-init[710]: | E .  . +        |
[   16.697529] cloud-init[710]: |                 |
[   16.698738] cloud-init[710]: |                 |
[   16.699802] cloud-init[710]: +----[SHA256]-----+
[   16.700807] cloud-init[710]: Generating public/private dsa key pair.
[   16.702274] cloud-init[710]: Your identification has been saved in /etc/ssh/ssh_host_dsa_key.
[   16.704211] cloud-init[710]: Your public key has been saved in /etc/ssh/ssh_host_dsa_key.pub.
[   16.706099] cloud-init[710]: The key fingerprint is:
[   16.707232] cloud-init[710]: SHA256:gSXy9pBsqK7420/OCDIKZL+EzpTkntMbIFR04uOUSj0 root@ubuntu-bionic
[   16.709477] cloud-init[710]: The key's randomart image is:
[   16.711300] cloud-init[710]: +---[DSA 1024]----+
[   16.712522] cloud-init[710]: |  .+... .        |
[   16.713612] cloud-init[710]: |  + += =         |
[   16.714690] cloud-init[710]: | o E. O .        |
[   16.715737] cloud-init[710]: |o +.oo o .       |
[   16.717360] cloud-init[710]: |.*..    S        |
[   16.718724] cloud-init[710]: |*.=              |
[   16.719920] cloud-init[710]: |+=++  .          |
[   16.720961] cloud-init[710]: |O=o+o=           |
[   16.722014] cloud-init[710]: |+*+++.+          |
[   16.736849] cloud-init[710]: +----[SHA256]-----+
[   16.738117] cloud-init[710]: Generating public/private ecdsa key pair.
[   16.739735] cloud-init[710]: Your identification has been saved in /etc/ssh/ssh_host_ecdsa_key.
[   16.741785] cloud-init[710]: Your public key has been saved in /etc/ssh/ssh_host_ecdsa_key.pub.
[   16.743691] cloud-init[710]: The key fingerprint is:
[   16.745243] cloud-init[710]: SHA256:WP9LnTjT/kyi3QJrSIsGlt1QSbJyahWBeYBrzQ9+pcw root@ubuntu-bionic
[   16.747246] cloud-init[710]: The key's randomart image is:
[   16.748566] cloud-init[710]: +---[ECDSA 256]---+
[   16.749675] cloud-init[710]: |     ..++o..     |
[   16.750758] cloud-init[710]: |    . o .+o      |
[   16.752349] cloud-init[710]: |     +..=.       |
[[0;32m  OK  [0m] Started Initial cloud-init job (metadata service crawler).
[   16.770202] [[0;32m  OK  [0m] Reached target System Initialization.
[[0;32m  OK  [0m] Started Discard unused blocks once a week.
[[0;32m  OK  [0m] Listening on D-Bus System Message Bus Socket.
[[0;32m  OK  [0m] Listening on Open-iSCSI iscsid Socket.
[[0;32m  OK  [0m] Started Message of the Day.
[[0;32m  OK  [0m] Listening on cloud-init hotplug hook socket.
[[0;32m  OK  [0m] Listening on UUID daemon activation socket.
[[0;32m  OK  [0m] Started Daily Cleanup of Temporary Directories.
[[0;32m  OK  [0m] Started Ubuntu Advantage Timer for running repeated jobs.
         Starting LXD - unix socket.
[[0;32m  OK  [0m] Started ACPI Events Check.
[[0;32m  OK  [0m] Reached target Paths.
[[0;32m  OK  [0m] Started Daily apt download activities.
[[0;32m  OK  [0m] Started Daily apt upgrade and clean activities.
[[0;32m  OK  [0m] Reached target Timers.
[[0;32m  OK  [0m] Listening on ACPID Listen Socket.
         Starting Socket activation for snappy daemon.
[[0;32m  OK  [0m] Reached target Network is Online.
[[0;32m  OK  [0m] Reached target Remote File Systems (Pre).
[[0;32m  OK  [0m] Reached target Remote File Systems.
         Starting Availability of block devices...
[[0;32m  OK  [0m] Reached target Cloud-config availability.
[[0;32m  OK  [0m] Listening on LXD - unix socket.
[[0;32m  OK  [0m] Listening on Socket activation for snappy daemon.
[[0;32m  OK  [0m] Reached target Sockets.
[[0;32m  OK  [0m] Reached target Basic System.
cloud-init[710]: |    o +B...      |
         Starting Login Service...
[   16.809693]          Starting Permit User Sessions...
[[0;32m  OK  [0m] Started irqbalance daemon.
cloud-init[[0;32m  OK  [0m] Started FUSE filesystem for LXC.
[710]: [[0;32m  OK  [0m] Started Regular background program processing daemon.
         Starting LSB: automatic crash report generation...
|   . .+BS=.      |
[   16.831306] cloud-init[710]: |     .= E o..+ . |
[   16.836293] cloud-init[710]: |     . o o o*o= .|
[   16.839666]          Starting Pollinate to seed the pseudo random number generator...
cloud-init[710]: |        o o.oB.= |
[   16.852889] cloud-init[710]: |       .   .o oo+|
[   16.857647] cloud-init[710]: +----[SHA256]-----+
[   16.862861] cloud-init[710]: Generating public/private ed25519 key pair.
[   16.867479] cloud-init[710]: Your identification has been saved in /etc/ssh/ssh_host_ed25519_key.
[   16.872405] [[0;32m  OK  [0m] Started D-Bus System Message Bus.
cloud-init[710]: Your public key has been saved in /etc/ssh/ssh_host_ed25519_key.pub.
[   16.879560] cloud-init[710]: The key fingerprint is:
[   16.883198] cloud-init[710]: SHA256:DQqpw6VDXO51JHfGVNVlfjPK5jpBZeDuqb8bz5q3NZI root@ubuntu-bionic
[   16.889693] cloud-init[710]: The key's randomart image is:
[   16.893795] cloud-init[710]: +--[ED25519 256]--+
[   16.897116] cloud-init[710]: |    . . oo+oo...+|
[   16.900779] cloud-init[710]: | . o . + oo  o o.|
[   16.906232] cloud-init[710]: |  o = . o  .o  oo|
[   16.910020] cloud-init[710]: | o = o o o... . +|
[   16.913332] cloud-init[710]: |  * . . S o. +   |
[   16.919022] cloud-init[710]: |   o      ..+ .  |
[   16.922638] cloud-init[710]: |           +.E o |
[   16.926108] cloud-init[710]: |          ..*.o .|
[   16.929795] cloud-init[710]: |         ..B*+.  |
[   16.932976] cloud-init[710]: +----[SHA256]-----+
         Starting LSB: Record successful boot for GRUB...
         Starting Accounts Service...
[[0;32m  OK  [0m] Started Deferred execution scheduler.
[[0;32m  OK  [0m] Reached target Login Prompts (Pre).
         Starting Snap Daemon...
         Starting Virtualbox guest utils...
         Starting System Logging Service...
         Starting Dispatcher daemon for systemd-networkd...
         Starting LXD - container startup/shutdown...
[[0;32m  OK  [0m] Started Availability of block devices.
[[0;32m  OK  [0m] Started Permit User Sessions.
[[0;32m  OK  [0m] Started Login Service.
[[0;32m  OK  [0m] Started Unattended Upgrades Shutdown.
         Starting Hold until boot process finishes up...
         Starting Terminate Plymouth Boot Screen...
[[0;32m  OK  [0m] Started System Logging Service.
[[0;32m  OK  [0m] Started Hold until boot process finishes up.
[[0;32m  OK  [0m] Started Terminate Plymouth Boot Screen.
[[0;32m  OK  [0m] Started Serial Getty on ttyS0.
         Starting Set console scheme...
         Starting Authorization Manager...
[[0;32m  OK  [0m] Started Set console scheme.
[[0;32m  OK  [0m] Created slice system-getty.slice.
[[0;32m  OK  [0m] Started Getty on tty1.
[[0;32m  OK  [0m] Reached target Login Prompts.
[[0;32m  OK  [0m] Started Authorization Manager.
[[0;32m  OK  [0m] Started Accounts Service.
[[0;32m  OK  [0m] Started LSB: automatic crash report generation.
[[0;32m  OK  [0m] Started LSB: Record successful boot for GRUB.
[[0;32m  OK  [0m] Started Dispatcher daemon for systemd-networkd.
[[0;32m  OK  [0m] Started Virtualbox guest utils.
[[0;32m  OK  [0m] Started LXD - container startup/shutdown.
[[0;32m  OK  [0m] Started Pollinate to seed the pseudo random number generator.
         Starting OpenBSD Secure Shell server...
[[0;32m  OK  [0m] Started OpenBSD Secure Shell server.
[[0;32m  OK  [0m] Started Snap Daemon.
         Starting Wait until snapd is fully seeded...
[[0;32m  OK  [0m] Created slice User Slice of vagrant.
         Starting Time & Date Service...
         Starting User Manager for UID 1000...
[[0;32m  OK  [0m] Started Session 1 of user vagrant.
[[0;32m  OK  [0m] Started Time & Date Service.
[[0;32m  OK  [0m] Started Wait until snapd is fully seeded.
         Starting Apply the settings specified in cloud-config...
[[0;32m  OK  [0m] Started User Manager for UID 1000.
[   19.599200] cloud-init[1243]: Cloud-init v. 23.1.2-0ubuntu0~18.04.1 running 'modules:config' at Sun, 19 Nov 2023 14:17:12 +0000. Up 18.99 seconds.
[[0;32m  OK  [0m] Started Apply the settings specified in cloud-config.
[[0;32m  OK  [0m] Reached target Multi-User System.
         Starting Execute cloud user/final scripts...
[[0;32m  OK  [0m] Reached target Graphical Interface.
         Starting Update UTMP about System Runlevel Changes...
[[0;32m  OK  [0m] Started Update UTMP about System Runlevel Changes.
ci-info: no authorized SSH keys fingerprints found for user ubuntu.
<14>Nov 19 14:17:13 cloud-init: #############################################################
<14>Nov 19 14:17:13 cloud-init: -----BEGIN SSH HOST KEY FINGERPRINTS-----
<14>Nov 19 14:17:13 cloud-init: 1024 SHA256:gSXy9pBsqK7420/OCDIKZL+EzpTkntMbIFR04uOUSj0 root@ubuntu-bionic (DSA)
<14>Nov 19 14:17:13 cloud-init: 256 SHA256:WP9LnTjT/kyi3QJrSIsGlt1QSbJyahWBeYBrzQ9+pcw root@ubuntu-bionic (ECDSA)
<14>Nov 19 14:17:13 cloud-init: 256 SHA256:DQqpw6VDXO51JHfGVNVlfjPK5jpBZeDuqb8bz5q3NZI root@ubuntu-bionic (ED25519)
<14>Nov 19 14:17:13 cloud-init: 2048 SHA256:WmATa57P4QCigUL3pLVDpdPWzRI25EoMv+QZVMqapI4 root@ubuntu-bionic (RSA)
<14>Nov 19 14:17:13 cloud-init: -----END SSH HOST KEY FINGERPRINTS-----
<14>Nov 19 14:17:13 cloud-init: #############################################################
-----BEGIN SSH HOST KEY KEYS-----
ecdsa-sha2-nistp256 AAAAE2VjZHNhLXNoYTItbmlzdHAyNTYAAAAIbmlzdHAyNTYAAABBBHk1ErtfDEjJN0h/WzmJ79/Uqnxg8CdFexwyXRbl+aWnE/iSxjVv7nQ8z/VimI+ikg2jZTG/CEXqZ6XRD6UjlAc= root@ubuntu-bionic
ssh-ed25519 AAAAC3NzaC1lZDI1NTE5AAAAIIqMB0MXr4DCuLhl6R1HU6MhYHM6pHy1Ek4ED16SRq6s root@ubuntu-bionic
ssh-rsa AAAAB3NzaC1yc2EAAAADAQABAAABAQC9JB+zpkAu72MoVT2aCDIpAfGbIBJKEgRIZI9Bhz2R5Fcyb7TyJM2Nch9B/FtQVLbO5GEfk0XahJt3HhRJrZH1hE6J7CX560ouCg0e9qiUkRnPrk/aJNqtEoJFoSmfcMKyO+KppLl2Qwe+49NpAnZRkOU6wpoXPN+e8f2tTWWj4XXFD1bG8T19KRX3A2oaVIUy4b6NWJqxXpRSLTKFr0aKZfeFRUAZq1oZftyJd75y+6TVvzisdEdbTuunPyW5QlFlWYJ4QuR040IOemFKh0ObJ8C0v3s00FK8tke0MpmgKzu0rMc5sEKW4sH77R0JRC9zPhbUg2cB53DiGoX5Ov+f root@ubuntu-bionic
-----END SSH HOST KEY KEYS-----
[   20.310572] cloud-init[1320]: Cloud-init v. 23.1.2-0ubuntu0~18.04.1 running 'modules:final' at Sun, 19 Nov 2023 14:17:13 +0000. Up 19.97 seconds.
[   20.350298] cloud-init[1320]: Cloud-init v. 23.1.2-0ubuntu0~18.04.1 finished at Sun, 19 Nov 2023 14:17:13 +0000. Datasource DataSourceNoCloud [seed=/dev/sdb][dsmode=net].  Up 20.30 seconds
[[0;32m  OK  [0m] Started Execute cloud user/final scripts.
[[0;32m  OK  [0m] Reached target Cloud-init target.

Ubuntu 18.04.6 LTS ubuntu-bionic ttyS0

ubuntu-bionic login: [42777.723870] PANIC: double fault, error_code: 0x0
[42777.729603] Kernel panic - not syncing: Machine halted.
[42777.733309] CPU: 0 PID: 446 Comm: systemd-udevd Not tainted 4.15.0-210-generic #221-Ubuntu
[42777.739860] Hardware name: innotek GmbH VirtualBox/VirtualBox, BIOS VirtualBox 12/01/2006
[42777.746730] Call Trace:
[42777.749666]  <#DF>
[42777.752221]  dump_stack+0x6d/0x8b
[42777.755283]  panic+0xf7/0x25a
[42777.758063]  df_debug+0x2d/0x30
[42777.760943]  do_double_fault+0xa1/0x130
[42777.764586]  double_fault+0x1e/0x30
[42777.767251] RIP: 0010:__do_page_fault+0x1f/0x4b0
[42777.771649] RSP: 0000:fffffe0000002010 EFLAGS: 00010082
[42777.775862] RAX: 0000000000000028 RBX: 0000000000000000 RCX: ffffffffa9400a47
[42777.781931] RDX: 0000000000000028 RSI: 0000000000000000 RDI: fffffe00000020b8
[42777.787642] RBP: fffffe0000002078 R08: 0000000000000000 R09: 0000000000000000
[42777.793207] R10: 0000000000000000 R11: 0000000000000000 R12: 0000000000000028
[42777.798586] R13: fffffe00000020b8 R14: 0000000000000000 R15: 0000000000000000
[42777.805336]  ? native_iret+0x7/0x7
[42777.808638]  </#DF>
[42777.810674]  <ENTRY_TRAMPOLINE>
[42777.813710]  do_page_fault+0x2e/0xe0
[42777.816586]  page_fault+0x25/0x50
[42777.819202] RIP: 0010:__do_page_fault+0x1f/0x4b0
[42777.824076] RSP: 0000:fffffe0000002160 EFLAGS: 00010086
[42777.828186] RAX: 0000000000000028 RBX: 0000000000000000 RCX: ffffffffa9400a47
[42777.834403] RDX: 0000000000000028 RSI: 0000000000000000 RDI: fffffe0000002208
[42777.839621] RBP: fffffe00000021c8 R08: 0000000000000000 R09: 0000000000000000
[42777.845753] R10: 0000000000000000 R11: 0000000000000000 R12: 0000000000000028
[42777.851198] R13: fffffe0000002208 R14: 0000000000000000 R15: 0000000000000000
[42777.857341]  ? native_iret+0x7/0x7
[42777.860813]  do_page_fault+0x2e/0xe0
[42777.864409]  page_fault+0x25/0x50
[42777.867372] RIP: 0010:__do_page_fault+0x1f/0x4b0
[42777.871994] RSP: 0000:fffffe00000022b0 EFLAGS: 00010082
[42777.876992] RAX: 0000000000000028 RBX: 0000000000000000 RCX: ffffffffa9400a47
[42777.882334] RDX: 0000000000000028 RSI: 0000000000000000 RDI: fffffe0000002358
[42777.888483] RBP: fffffe0000002318 R08: 0000000000000000 R09: 0000000000000000
[42777.894346] R10: 0000000000000000 R11: 0000000000000000 R12: 0000000000000028
[42777.900040] R13: fffffe0000002358 R14: 0000000000000000 R15: 0000000000000000
[42777.905914]  ? native_iret+0x7/0x7
[42777.908882]  do_page_fault+0x2e/0xe0
[42777.912373]  page_fault+0x25/0x50
[42777.915041] RIP: 0010:__do_page_fault+0x1f/0x4b0
[42777.918509] RSP: 0000:fffffe0000002400 EFLAGS: 00010086
[42777.922178] RAX: 0000000000000028 RBX: 0000000000000000 RCX: ffffffffa9400a47
[42777.927365] RDX: 0000000000000028 RSI: 0000000000000000 RDI: fffffe00000024a8
[42777.933230] RBP: fffffe0000002468 R08: 0000000000000000 R09: 0000000000000000
[42777.939746] R10: 0000000000000000 R11: 0000000000000000 R12: 0000000000000028
[42777.946327] R13: fffffe00000024a8 R14: 0000000000000000 R15: 0000000000000000
[42777.951524]  ? native_iret+0x7/0x7
[42777.954875]  do_page_fault+0x2e/0xe0
[42777.957656]  page_fault+0x25/0x50
[42777.960369] RIP: 0010:__do_page_fault+0x1f/0x4b0
[42777.963960] RSP: 0000:fffffe0000002550 EFLAGS: 00010086
[42777.968089] RAX: 0000000000000028 RBX: 0000000000000000 RCX: ffffffffa9400a47
[42777.973148] RDX: 0000000000000028 RSI: 0000000000000000 RDI: fffffe00000025f8
[42777.978736] RBP: fffffe00000025b8 R08: 0000000000000000 R09: 0000000000000000
[42777.984259] R10: 0000000000000000 R11: 0000000000000000 R12: 0000000000000028
[42777.989292] R13: fffffe00000025f8 R14: 0000000000000000 R15: 0000000000000000
[42777.994342]  ? native_iret+0x7/0x7
[42777.997259]  do_page_fault+0x2e/0xe0
[42778.000083]  page_fault+0x25/0x50
[42778.004197] RIP: 0010:__do_page_fault+0x1f/0x4b0
[42778.008017] RSP: 0000:fffffe00000026a0 EFLAGS: 00010086
[42778.012444] RAX: 0000000000000028 RBX: 0000000000000000 RCX: ffffffffa9400a47
[42778.017799] RDX: 0000000000000028 RSI: 0000000000000000 RDI: fffffe0000002748
[42778.023142] RBP: fffffe0000002708 R08: 0000000000000000 R09: 0000000000000000
[42778.028154] R10: 0000000000000000 R11: 0000000000000000 R12: 0000000000000028
[42778.033471] R13: fffffe0000002748 R14: 0000000000000000 R15: 0000000000000000
[42778.038836]  ? native_iret+0x7/0x7
[42778.041441]  do_page_fault+0x2e/0xe0
[42778.044724]  page_fault+0x25/0x50
[42778.047305] RIP: 0010:__do_page_fault+0x1f/0x4b0
[42778.051834] RSP: 0000:fffffe00000027f0 EFLAGS: 00010086
[42778.056966] RAX: 0000000000000028 RBX: 0000000000000000 RCX: ffffffffa9400a47
[42778.064697] RDX: 0000000000000028 RSI: 0000000000000000 RDI: fffffe0000002898
[42778.070207] RBP: fffffe0000002858 R08: 0000000000000000 R09: 0000000000000000
[42778.075955] R10: 0000000000000000 R11: 0000000000000000 R12: 0000000000000028
[42778.081983] R13: fffffe0000002898 R14: 0000000000000000 R15: 0000000000000000
[42778.088305]  ? native_iret+0x7/0x7
[42778.091575]  do_page_fault+0x2e/0xe0
[42778.095977]  page_fault+0x25/0x50
[42778.100282] RIP: 0010:__do_page_fault+0x1f/0x4b0
[42778.104172] RSP: 0000:fffffe0000002940 EFLAGS: 00010082
[42778.109037] RAX: 0000000000000028 RBX: 0000000000000000 RCX: ffffffffa9400a47
[42778.114666] RDX: 0000000000000028 RSI: 0000000000000000 RDI: fffffe00000029e8
[42778.119838] RBP: fffffe00000029a8 R08: 0000000000000000 R09: 0000000000000000
[42778.125130] R10: 0000000000000000 R11: 0000000000000000 R12: 0000000000000028
[42778.130417] R13: fffffe00000029e8 R14: 0000000000000000 R15: 0000000000000000
[42778.135823]  ? native_iret+0x7/0x7
[42778.138366]  do_page_fault+0x2e/0xe0
[42778.141318]  page_fault+0x25/0x50
[42778.144484] RIP: 0010:__do_page_fault+0x1f/0x4b0
[42778.148417] RSP: 0000:fffffe0000002a90 EFLAGS: 00010086
[42778.152200] RAX: 0000000000000028 RBX: 0000000000000000 RCX: ffffffffa9400a47
[42778.157450] RDX: 0000000000000028 RSI: 0000000000000000 RDI: fffffe0000002b38
[42778.162501] RBP: fffffe0000002af8 R08: 0000000000000000 R09: 0000000000000000
[42778.168050] R10: 0000000000000000 R11: 0000000000000000 R12: 0000000000000028
[42778.172934] R13: fffffe0000002b38 R14: 0000000000000000 R15: 0000000000000000
[42778.178053]  ? native_iret+0x7/0x7
[42778.180644]  do_page_fault+0x2e/0xe0
[42778.183555]  page_fault+0x25/0x50
[42778.186076] RIP: 0010:__do_page_fault+0x1f/0x4b0
[42778.190463] RSP: 0000:fffffe0000002be0 EFLAGS: 00010082
[42778.194361] RAX: 0000000000000028 RBX: 0000000000000000 RCX: ffffffffa9400a47
[42778.199583] RDX: 0000000000000028 RSI: 0000000000000000 RDI: fffffe0000002c88
[42778.205949] RBP: fffffe0000002c48 R08: 0000000000000000 R09: 0000000000000000
[42778.211426] R10: 0000000000000000 R11: 0000000000000000 R12: 0000000000000028
[42778.216818] R13: fffffe0000002c88 R14: 0000000000000000 R15: 0000000000000000
[42778.223169]  ? native_iret+0x7/0x7
[42778.226557]  do_page_fault+0x2e/0xe0
[42778.229734]  page_fault+0x25/0x50
[42778.233572] RIP: 0010:__do_page_fault+0x1f/0x4b0
[42778.237760] RSP: 0000:fffffe0000002d30 EFLAGS: 00010086
[42778.241664] RAX: 0000000000000028 RBX: 0000000000000000 RCX: ffffffffa9400a47
[42778.247015] RDX: 0000000000000028 RSI: 0000000000000000 RDI: fffffe0000002dd8
[42778.252070] RBP: fffffe0000002d98 R08: 0000000000000000 R09: 0000000000000000
[42778.256865] R10: 0000000000000000 R11: 0000000000000000 R12: 0000000000000028
[42778.262250] R13: fffffe0000002dd8 R14: 0000000000000000 R15: 0000000000000000
[42778.268061]  ? native_iret+0x7/0x7
[42778.270951]  do_page_fault+0x2e/0xe0
[42778.274997]  page_fault+0x25/0x50
[42778.279234] RIP: 0010:__do_page_fault+0x1f/0x4b0
[42778.283151] RSP: 0000:fffffe0000002e80 EFLAGS: 00010082
[42778.287994] RAX: 000055fb036933f8 RBX: 0000000000000007 RCX: ffffffffa9400a47
[42778.293760] RDX: 000055fb036933f8 RSI: 0000000000000007 RDI: fffffe0000002f28
[42778.300271] RBP: fffffe0000002ee8 R08: 0000000000000000 R09: 0000000000000000
[42778.305291] R10: 0000000000000000 R11: 0000000000000000 R12: 000055fb036933f8
[42778.310737] R13: fffffe0000002f28 R14: 0000000000000000 R15: 0000000000000000
[42778.316894]  ? native_iret+0x7/0x7
[42778.320680]  do_page_fault+0x2e/0xe0
[42778.323886]  page_fault+0x25/0x50
[42778.326891] RIP: 0010:apic_timer_interrupt+0x0/0xa0
[42778.342267] RSP: 0000:fffffe0000002fd8 EFLAGS: 00000002
[42778.347630] RAX: 0000000000000000 RBX: 0000000000000004 RCX: 000055fb0361a010
[42778.356513] RDX: 000055fb036933f0 RSI: 000055fb0361a010 RDI: 000055fb0362f730
[42778.362931] RBP: ffffffffffffff50 R08: 00007ffebe0acb73 R09: 00007ff6ae9e4e00
[42778.368519] R10: 00007ff6ae9e07ff R11: 00007ff6aea32da0 R12: 000055fb03692a10
[42778.373777] R13: 0000000000000000 R14: 00007ffebe0acb73 R15: 00000000ffffffff
[42778.379163]  </ENTRY_TRAMPOLINE>
[42778.382974] Kernel Offset: 0x27a00000 from 0xffffffff81000000 (relocation range: 0xffffffff80000000-0xffffffffbfffffff)
[42778.393033] Rebooting in 10 seconds..
[42788.332426] ACPI MEMORY or I/O RESET_REG.
[    0.000000] Linux version 4.15.0-210-generic (buildd@lcy02-amd64-056) (gcc version 7.5.0 (Ubuntu 7.5.0-3ubuntu1~18.04)) #221-Ubuntu SMP Tue Apr 18 08:32:52 UTC 2023 (Ubuntu 4.15.0-210.221-generic 4.15.18)
[    0.000000] Command line: BOOT_IMAGE=/boot/vmlinuz-4.15.0-210-generic root=LABEL=cloudimg-rootfs ro console=tty1 console=ttyS0
[    0.000000] KERNEL supported cpus:
[    0.000000]   Intel GenuineIntel
[    0.000000]   AMD AuthenticAMD
[    0.000000]   Centaur CentaurHauls
[    0.000000] x86/fpu: x87 FPU will use FXSAVE
[    0.000000] e820: BIOS-provided physical RAM map:
[    0.000000] BIOS-e820: [mem 0x0000000000000000-0x000000000009fbff] usable
[    0.000000] BIOS-e820: [mem 0x000000000009fc00-0x000000000009ffff] reserved
[    0.000000] BIOS-e820: [mem 0x00000000000f0000-0x00000000000fffff] reserved
[    0.000000] BIOS-e820: [mem 0x0000000000100000-0x000000007ffeffff] usable
[    0.000000] BIOS-e820: [mem 0x000000007fff0000-0x000000007fffffff] ACPI data
[    0.000000] BIOS-e820: [mem 0x00000000fec00000-0x00000000fec00fff] reserved
[    0.000000] BIOS-e820: [mem 0x00000000fee00000-0x00000000fee00fff] reserved
[    0.000000] BIOS-e820: [mem 0x00000000fffc0000-0x00000000ffffffff] reserved
[    0.000000] NX (Execute Disable) protection: active
[    0.000000] SMBIOS 2.5 present.
[    0.000000] DMI: innotek GmbH VirtualBox/VirtualBox, BIOS VirtualBox 12/01/2006
[    0.000000] Hypervisor detected: KVM
[    0.000000] e820: last_pfn = 0x7fff0 max_arch_pfn = 0x400000000
[    0.000000] MTRR: Disabled
[    0.000000] x86/PAT: MTRRs disabled, skipping PAT initialization too.
[    0.000000] CPU MTRRs all blank - virtualized system.
[    0.000000] x86/PAT: Configuration [0-7]: WB  WT  UC- UC  WB  WT  UC- UC  
[    0.000000] found SMP MP-table at [mem 0x0009fff0-0x0009ffff]
[    0.000000] Scanning 1 areas for low memory corruption
[    0.000000] RAMDISK: [mem 0x359c9000-0x36cdbfff]
[    0.000000] ACPI: Early table checksum verification disabled
[    0.000000] ACPI: RSDP 0x00000000000E0000 000024 (v02 VBOX  )
[    0.000000] ACPI: XSDT 0x000000007FFF0030 00003C (v01 VBOX   VBOXXSDT 00000001 ASL  00000061)
[    0.000000] ACPI: FACP 0x000000007FFF00F0 0000F4 (v04 VBOX   VBOXFACP 00000001 ASL  00000061)
[    0.000000] ACPI: DSDT 0x000000007FFF0610 002353 (v02 VBOX   VBOXBIOS 00000002 INTL 20100528)
[    0.000000] ACPI: FACS 0x000000007FFF0200 000040
[    0.000000] ACPI: FACS 0x000000007FFF0200 000040
[    0.000000] ACPI: APIC 0x000000007FFF0240 00005C (v02 VBOX   VBOXAPIC 00000001 ASL  00000061)
[    0.000000] ACPI: SSDT 0x000000007FFF02A0 00036C (v01 VBOX   VBOXCPUT 00000002 INTL 20100528)
[    0.000000] ACPI: Reserving FACP table memory at [mem 0x7fff00f0-0x7fff01e3]
[    0.000000] ACPI: Reserving DSDT table memory at [mem 0x7fff0610-0x7fff2962]
[    0.000000] ACPI: Reserving FACS table memory at [mem 0x7fff0200-0x7fff023f]
[    0.000000] ACPI: Reserving FACS table memory at [mem 0x7fff0200-0x7fff023f]
[    0.000000] ACPI: Reserving APIC table memory at [mem 0x7fff0240-0x7fff029b]
[    0.000000] ACPI: Reserving SSDT table memory at [mem 0x7fff02a0-0x7fff060b]
[    0.000000] No NUMA configuration found
[    0.000000] Faking a node at [mem 0x0000000000000000-0x000000007ffeffff]
[    0.000000] NODE_DATA(0) allocated [mem 0x7ffc5000-0x7ffeffff]
[    0.000000] kvm-clock: cpu 0, msr 0:7ff44001, primary cpu clock
[    0.000000] kvm-clock: Using msrs 4b564d01 and 4b564d00
[    0.000000] kvm-clock: using sched offset of 42795989600873 cycles
[    0.000000] clocksource: kvm-clock: mask: 0xffffffffffffffff max_cycles: 0x1cd42e4dffb, max_idle_ns: 881590591483 ns
[    0.000000] Zone ranges:
[    0.000000]   DMA      [mem 0x0000000000001000-0x0000000000ffffff]
[    0.000000]   DMA32    [mem 0x0000000001000000-0x000000007ffeffff]
[    0.000000]   Normal   empty
[    0.000000]   Device   empty
[    0.000000] Movable zone start for each node
[    0.000000] Early memory node ranges
[    0.000000]   node   0: [mem 0x0000000000001000-0x000000000009efff]
[    0.000000]   node   0: [mem 0x0000000000100000-0x000000007ffeffff]
[    0.000000] Reserved but unavailable: 104 pages
[    0.000000] Initmem setup node 0 [mem 0x0000000000001000-0x000000007ffeffff]
[    0.000000] ACPI: PM-Timer IO Port: 0x4008
[    0.000000] IOAPIC[0]: apic_id 2, version 32, address 0xfec00000, GSI 0-23
[    0.000000] ACPI: INT_SRC_OVR (bus 0 bus_irq 0 global_irq 2 dfl dfl)
[    0.000000] ACPI: INT_SRC_OVR (bus 0 bus_irq 9 global_irq 9 low level)
[    0.000000] Using ACPI (MADT) for SMP configuration information
[    0.000000] smpboot: Allowing 2 CPUs, 0 hotplug CPUs
[    0.000000] PM: Registered nosave memory: [mem 0x00000000-0x00000fff]
[    0.000000] PM: Registered nosave memory: [mem 0x0009f000-0x0009ffff]
[    0.000000] PM: Registered nosave memory: [mem 0x000a0000-0x000effff]
[    0.000000] PM: Registered nosave memory: [mem 0x000f0000-0x000fffff]
[    0.000000] e820: [mem 0x80000000-0xfebfffff] available for PCI devices
[    0.000000] Booting paravirtualized kernel on KVM
[    0.000000] clocksource: refined-jiffies: mask: 0xffffffff max_cycles: 0xffffffff, max_idle_ns: 7645519600211568 ns
[    0.000000] setup_percpu: NR_CPUS:8192 nr_cpumask_bits:2 nr_cpu_ids:2 nr_node_ids:1
[    0.000000] percpu: Embedded 50 pages/cpu s167936 r8192 d28672 u1048576
[    0.000000] PV qspinlock hash table entries: 256 (order: 0, 4096 bytes)
[    0.000000] Built 1 zonelists, mobility grouping on.  Total pages: 515961
[    0.000000] Policy zone: DMA32
[    0.000000] Kernel command line: BOOT_IMAGE=/boot/vmlinuz-4.15.0-210-generic root=LABEL=cloudimg-rootfs ro console=tty1 console=ttyS0
[    0.000000] Memory: 2014832K/2096696K available (12300K kernel code, 2477K rwdata, 4324K rodata, 2480K init, 2720K bss, 81864K reserved, 0K cma-reserved)
[    0.000000] SLUB: HWalign=64, Order=0-3, MinObjects=0, CPUs=2, Nodes=1
[    0.000000] ftrace: allocating 39506 entries in 155 pages
[    0.004000] Hierarchical RCU implementation.
[    0.004000] 	RCU restricting CPUs from NR_CPUS=8192 to nr_cpu_ids=2.
[    0.004000] 	Tasks RCU enabled.
[    0.004000] RCU: Adjusting geometry for rcu_fanout_leaf=16, nr_cpu_ids=2
[    0.004000] NR_IRQS: 524544, nr_irqs: 440, preallocated irqs: 16
[    0.004000] random: crng init done
[    0.004000] Console: colour VGA+ 80x25
[    0.004000] console [tty1] enabled
[    0.004000] console [ttyS0] enabled
[    0.004000] ACPI: Core revision 20170831
[    0.004000] ACPI: 2 ACPI AML tables successfully acquired and loaded
[    0.004000] APIC: Switch to symmetric I/O mode setup
[    0.004000] ..TIMER: vector=0x30 apic1=0 pin1=2 apic2=-1 pin2=-1
[    0.004005] tsc: Detected 2304.006 MHz processor
[    0.008021] Calibrating delay loop (skipped) preset value.. 4608.01 BogoMIPS (lpj=9216024)
[    0.012003] pid_max: default: 32768 minimum: 301
[    0.016058] Security Framework initialized
[    0.020002] Yama: becoming mindful.
[    0.022442] AppArmor: AppArmor initialized
[    0.024289] Dentry cache hash table entries: 262144 (order: 9, 2097152 bytes)
[    0.028133] Inode-cache hash table entries: 131072 (order: 8, 1048576 bytes)
[    0.032017] Mount-cache hash table entries: 4096 (order: 3, 32768 bytes)
[    0.036015] Mountpoint-cache hash table entries: 4096 (order: 3, 32768 bytes)
[    0.041359] Last level iTLB entries: 4KB 0, 2MB 0, 4MB 0
[    0.044002] Last level dTLB entries: 4KB 0, 2MB 0, 4MB 0, 1GB 0
[    0.048003] Spectre V1 : Mitigation: usercopy/swapgs barriers and __user pointer sanitization
[    0.052003] Spectre V2 : Mitigation: Enhanced IBRS
[    0.055041] Spectre V2 : Spectre v2 / SpectreRSB mitigation: Filling RSB on context switch
[    0.056002] Spectre V2 : Spectre v2 / PBRSB-eIBRS: Retire a single CALL on VMEXIT
[    0.060002] RETBleed: Mitigation: Enhanced IBRS
[    0.064002] Speculative Store Bypass: Vulnerable
[    0.068148] Freeing SMP alternatives memory: 36K
[    0.188188] APIC calibration not consistent with PM-Timer: 101ms instead of 100ms
[    0.192000] APIC delta adjusted to PM-Timer: 6337533 (6449127)
[    0.192296] smpboot: CPU0: 11th Gen Intel(R) Core(TM) i7-11800H @ 2.30GHz (family: 0x6, model: 0x8d, stepping: 0x1)
[    0.196224] Performance Events: unsupported p6 CPU model 141 no PMU driver, software events only.
[    0.200068] Hierarchical SRCU implementation.
[    0.204253] NMI watchdog: Perf event create on CPU 0 failed with -2
[    0.208000] NMI watchdog: Perf NMI watchdog permanently disabled
[    0.212127] smp: Bringing up secondary CPUs ...
[    0.215373] x86: Booting SMP configuration:
[    0.216002] .... node  #0, CPUs:      #1
[    0.004000] kvm-clock: cpu 1, msr 0:7ff44041, secondary cpu clock
[    0.226410] TSC synchronization [CPU#0 -> CPU#1]:
[    0.228000] Measured 28377 cycles TSC warp between CPUs, turning off TSC clock.
[    0.228000] tsc: Marking TSC unstable due to check_tsc_sync_source failed
[    0.232078] smp: Brought up 1 node, 2 CPUs
[    0.236005] smpboot: Max logical packages: 1
[    0.239089] smpboot: Total of 2 processors activated (9216.02 BogoMIPS)
[    0.244088] devtmpfs: initialized
[    0.246712] x86/mm: Memory block size: 128MB
[    0.248302] evm: security.selinux
[    0.250502] evm: security.SMACK64
[    0.252002] evm: security.SMACK64EXEC
[    0.256002] evm: security.SMACK64TRANSMUTE
[    0.258475] evm: security.SMACK64MMAP
[    0.260002] evm: security.apparmor
[    0.262168] evm: security.ima
[    0.264002] evm: security.capability
[    0.268323] clocksource: jiffies: mask: 0xffffffff max_cycles: 0xffffffff, max_idle_ns: 7645041785100000 ns
[    0.272008] futex hash table entries: 512 (order: 3, 32768 bytes)
[    0.276096] pinctrl core: initialized pinctrl subsystem
[    0.280307] RTC time:  2:10:05, date: 11/20/23
[    0.284376] NET: Registered protocol family 16
[    0.287152] audit: initializing netlink subsys (disabled)
[    0.288123] audit: type=2000 audit(1700551283.062:1): state=initialized audit_enabled=0 res=1
[    0.296006] cpuidle: using governor ladder
[    0.300006] cpuidle: using governor menu
[    0.304025] ACPI: bus type PCI registered
[    0.306554] acpiphp: ACPI Hot Plug PCI Controller Driver version: 0.5
[    0.308277] PCI: Using configuration type 1 for base access
[    0.316240] HugeTLB registered 2.00 MiB page size, pre-allocated 0 pages
[    0.320254] ACPI: Added _OSI(Module Device)
[    0.324008] ACPI: Added _OSI(Processor Device)
[    0.328003] ACPI: Added _OSI(3.0 _SCP Extensions)
[    0.331041] ACPI: Added _OSI(Processor Aggregator Device)
[    0.332003] ACPI: Added _OSI(Linux-Dell-Video)
[    0.336002] ACPI: Added _OSI(Linux-Lenovo-NV-HDMI-Audio)
[    0.339351] ACPI: Added _OSI(Linux-HPI-Hybrid-Graphics)
[    0.340668] ACPI: Executed 1 blocks of module-level executable AML code
[    0.346877] ACPI: Interpreter enabled
[    0.348011] ACPI: (supports S0 S5)
[    0.352002] ACPI: Using IOAPIC for interrupt routing
[    0.355268] PCI: Using host bridge windows from ACPI; if necessary, use "pci=nocrs" and report a bug
[    0.356185] ACPI: Enabled 2 GPEs in block 00 to 07
[    0.364000] ACPI: PCI Root Bridge [PCI0] (domain 0000 [bus 00-ff])
[    0.364006] acpi PNP0A03:00: _OSC: OS supports [ASPM ClockPM Segments MSI]
[    0.368558] acpi PNP0A03:00: _OSC: not requesting OS control; OS requires [ExtendedConfig ASPM ClockPM MSI]
[    0.372012] acpi PNP0A03:00: fail to add MMCONFIG information, can't access extended PCI configuration space under this bridge.
[    0.376549] PCI host bridge to bus 0000:00
[    0.380004] pci_bus 0000:00: root bus resource [io  0x0000-0x0cf7 window]
[    0.384004] pci_bus 0000:00: root bus resource [io  0x0d00-0xffff window]
[    0.388005] pci_bus 0000:00: root bus resource [mem 0x000a0000-0x000bffff window]
[    0.392005] pci_bus 0000:00: root bus resource [mem 0x80000000-0xfdffffff window]
[    0.396003] pci_bus 0000:00: root bus resource [bus 00-ff]
[    0.403549] pci 0000:00:01.1: legacy IDE quirk: reg 0x10: [io  0x01f0-0x01f7]
[    0.404004] pci 0000:00:01.1: legacy IDE quirk: reg 0x14: [io  0x03f6]
[    0.408004] pci 0000:00:01.1: legacy IDE quirk: reg 0x18: [io  0x0170-0x0177]
[    0.412003] pci 0000:00:01.1: legacy IDE quirk: reg 0x1c: [io  0x0376]
[    0.432592] pci 0000:00:07.0: quirk: [io  0x4000-0x403f] claimed by PIIX4 ACPI
[    0.436027] pci 0000:00:07.0: quirk: [io  0x4100-0x410f] claimed by PIIX4 SMB
[    0.448206] ACPI: PCI Interrupt Link [LNKA] (IRQs 5 9 10 *11)
[    0.452000] ACPI: PCI Interrupt Link [LNKB] (IRQs 5 9 *10 11)
[    0.452151] ACPI: PCI Interrupt Link [LNKC] (IRQs 5 *9 10 11)
[    0.456143] ACPI: PCI Interrupt Link [LNKD] (IRQs 5 9 10 *11)
[    0.464168] SCSI subsystem initialized
[    0.466966] pci 0000:00:02.0: vgaarb: setting as boot VGA device
[    0.467846] pci 0000:00:02.0: vgaarb: VGA device added: decodes=io+mem,owns=io+mem,locks=none
[    0.468006] pci 0000:00:02.0: vgaarb: bridge control possible
[    0.471610] vgaarb: loaded
[    0.472047] ACPI: bus type USB registered
[    0.476017] usbcore: registered new interface driver usbfs
[    0.479388] usbcore: registered new interface driver hub
[    0.480008] usbcore: registered new device driver usb
[    0.488113] EDAC MC: Ver: 3.0.0
[    0.492295] PCI: Using ACPI for IRQ routing
[    0.496568] NetLabel: Initializing
[    0.498689] NetLabel:  domain hash size = 128
[    0.500001] NetLabel:  protocols = UNLABELED CIPSOv4 CALIPSO
[    0.504052] NetLabel:  unlabeled traffic allowed by default
[    0.508256] clocksource: Switched to clocksource kvm-clock
[    0.515914] VFS: Disk quotas dquot_6.6.0
[    0.515914] VFS: Dquot-cache hash table entries: 512 (order 0, 4096 bytes)
[    0.530976] AppArmor: AppArmor Filesystem Enabled
[    0.533892] pnp: PnP ACPI init
[    0.534827] pnp: PnP ACPI: found 3 devices
[    0.568052] clocksource: acpi_pm: mask: 0xffffff max_cycles: 0xffffff, max_idle_ns: 2085701024 ns
[    0.568419] NET: Registered protocol family 2
[    0.568419] IP idents hash table entries: 32768 (order: 6, 262144 bytes)
[    0.581612] TCP established hash table entries: 16384 (order: 5, 131072 bytes)
[    0.586606] TCP bind hash table entries: 16384 (order: 6, 262144 bytes)
[    0.591201] TCP: Hash tables configured (established 16384 bind 16384)
[    0.594826] UDP hash table entries: 1024 (order: 3, 32768 bytes)
[    0.594826] UDP-Lite hash table entries: 1024 (order: 3, 32768 bytes)
[    0.594826] NET: Registered protocol family 1
[    0.594826] pci 0000:00:00.0: Limiting direct PCI/PCI transfers
[    0.594826] pci 0000:00:01.0: Activating ISA DMA hang workarounds
[    0.594826] pci 0000:00:02.0: Video device with shadowed ROM at [mem 0x000c0000-0x000dffff]
[    0.594826] Unpacking initramfs...
[    0.594826] Freeing initrd memory: 19532K
[    0.594826] clocksource: tsc: mask: 0xffffffffffffffff max_cycles: 0x2135fd711f6, max_idle_ns: 440795262176 ns
[    0.594826] platform rtc_cmos: registered platform RTC device (no PNP device found)
[    0.594826] Scanning for low memory corruption every 60 seconds
[    0.878547] Initialise system trusted keyrings
[    0.881529] Key type blacklist registered
[    0.884149] workingset: timestamp_bits=36 max_order=19 bucket_order=0
[    0.888950] zbud: loaded
[    0.890922] squashfs: version 4.0 (2009/01/31) Phillip Lougher
[    0.895319] fuse init (API version 7.26)
[    0.909681] Key type asymmetric registered
[    0.912126] Asymmetric key parser 'x509' registered
[    0.915133] Block layer SCSI generic (bsg) driver version 0.4 loaded (major 246)
[    0.919959] io scheduler noop registered
[    0.922629] io scheduler deadline registered
[    0.925345] io scheduler cfq registered (default)
[    0.928780] ACPI: AC Adapter [AC] (on-line)
[    0.931374] input: Power Button as /devices/LNXSYSTM:00/LNXPWRBN:00/input/input0
[    0.936180] ACPI: Power Button [PWRF]
[    0.938582] input: Sleep Button as /devices/LNXSYSTM:00/LNXSLPBN:00/input/input1
[    0.943022] ACPI: Sleep Button [SLPF]
[    0.946839] ACPI: Battery Slot [BAT0] (battery present)
[    0.948214] Serial: 8250/16550 driver, 32 ports, IRQ sharing enabled
[    0.980916] 00:02: ttyS0 at I/O 0x3f8 (irq = 4, base_baud = 115200) is a 16550A
[    0.987189] Linux agpgart interface v0.103
[    0.991868] loop: module loaded
[    0.995742] scsi host0: ata_piix
[    0.998570] scsi host1: ata_piix
[    1.001155] ata1: PATA max UDMA/33 cmd 0x1f0 ctl 0x3f6 bmdma 0xd000 irq 14
[    1.005364] ata2: PATA max UDMA/33 cmd 0x170 ctl 0x376 bmdma 0xd008 irq 15
[    1.009960] tun: Universal TUN/TAP device driver, 1.6
[    1.014077] PPP generic driver version 2.4.2
[    1.018499] ehci_hcd: USB 2.0 'Enhanced' Host Controller (EHCI) Driver
[    1.022733] ehci-pci: EHCI PCI platform driver
[    1.025769] ehci-platform: EHCI generic platform driver
[    1.029375] ohci_hcd: USB 1.1 'Open' Host Controller (OHCI) Driver
[    1.033357] ohci-pci: OHCI PCI platform driver
[    1.036383] ohci-platform: OHCI generic platform driver
[    1.039712] uhci_hcd: USB Universal Host Controller Interface driver
[    1.043876] i8042: PNP: PS/2 Controller [PNP0303:PS2K,PNP0f03:PS2M] at 0x60,0x64 irq 1,12
[    1.051976] serio: i8042 KBD port at 0x60,0x64 irq 1
[    1.055350] serio: i8042 AUX port at 0x60,0x64 irq 12
[    1.058696] mousedev: PS/2 mouse device common for all mice
[    1.063358] input: AT Translated Set 2 keyboard as /devices/platform/i8042/serio0/input/input2
[    1.071003] rtc_cmos rtc_cmos: rtc core: registered rtc_cmos as rtc0
[    1.075115] rtc_cmos rtc_cmos: alarms up to one day, 114 bytes nvram
[    1.079115] i2c /dev entries driver
[    1.081323] device-mapper: uevent: version 1.0.3
[    1.084565] device-mapper: ioctl: 4.37.0-ioctl (2017-09-20) initialised: dm-devel@redhat.com
[    1.091098] ledtrig-cpu: registered to indicate activity on CPUs
[    1.096715] NET: Registered protocol family 10
[    1.107009] Segment Routing with IPv6
[    1.109377] NET: Registered protocol family 17
[    1.113386] Key type dns_resolver registered
[    1.116875] mce: Using 0 MCE banks
[    1.118930] RAS: Correctable Errors collector initialized.
[    1.122352] sched_clock: Marking stable (1122212667, 0)->(1605533825, -483321158)
[    1.130605] registered taskstats version 1
[    1.133430] Loading compiled-in X.509 certificates
[    1.140402] Loaded X.509 cert 'Build time autogenerated kernel key: 53bf99db7da04c05fe17f7beec9ce15c83db2223'
[    1.146499] Loaded X.509 cert 'Canonical Ltd. Live Patch Signing: 14df34d1a87cf37625abec039ef2bf521249b969'
[    1.152529] Loaded X.509 cert 'Canonical Ltd. Kernel Module Signing: 88f752e560a1e0737e31163a466ad7b70a850c19'
[    1.158429] blacklist: Loading compiled-in revocation X.509 certificates
[    1.162402] Loaded X.509 cert 'Canonical Ltd. Secure Boot Signing: 61482aa2830d0ab2ad5af10b7250da9033ddcef0'
[    1.172691] Loaded X.509 cert 'Canonical Ltd. Secure Boot Signing (2017): 242ade75ac4a15e50d50c84b0d45ff3eae707a03'
[    1.192054] Loaded X.509 cert 'Canonical Ltd. Secure Boot Signing (ESM 2018): 365188c1d374d6b07c3c8f240f8ef722433d6a8b'
[    1.198360] Loaded X.509 cert 'Canonical Ltd. Secure Boot Signing (2019): c0746fd6c5da3ae827864651ad66ae47fe24b3e8'
[    1.204613] Loaded X.509 cert 'Canonical Ltd. Secure Boot Signing (2021 v1): a8d54bbb3825cfb94fa13c9f8a594a195c107b8d'
[    1.210952] Loaded X.509 cert 'Canonical Ltd. Secure Boot Signing (2021 v2): 4cf046892d6fd3c9a5b03f98d845f90851dc6a8c'
[    1.217208] Loaded X.509 cert 'Canonical Ltd. Secure Boot Signing (2021 v3): 100437bb6de6e469b581e61cd66bce3ef4ed53af'
[    1.223120] Loaded X.509 cert 'Canonical Ltd. Secure Boot Signing (Ubuntu Core 2019): c1d57b8f6b743f23ee41f4f7ee292f06eecadfb9'
[    1.229616] zswap: loaded using pool lzo/zbud
[    1.239666] Key type big_key registered
[    1.242118] Key type trusted registered
[    1.247702] Key type encrypted registered
[    1.250664] AppArmor: AppArmor sha1 policy hashing enabled
[    1.254411] ima: No TPM chip found, activating TPM-bypass! (rc=-19)
[    1.258486] ima: Allocated hash algorithm: sha1
[    1.261257] evm: HMAC attrs: 0x1
[    1.263861]   Magic number: 15:359:157
[    1.266668] rtc_cmos rtc_cmos: setting system clock to 2023-11-20 02:10:06 UTC (1700446206)
[    1.272144] BIOS EDD facility v0.16 2004-Jun-25, 0 devices found
[    1.275585] EDD information not available.
[    1.280026] Freeing unused kernel image memory: 2480K
[    1.299280] Write protecting the kernel read-only data: 20480k
[    1.304334] Freeing unused kernel image memory: 2008K
[    1.308220] Freeing unused kernel image memory: 1820K
[    1.316542] x86/mm: Checked W+X mappings: passed, no W+X pages found.
Loading, please wait...
starting version 237
[    1.377959] e1000: Intel(R) PRO/1000 Network Driver - version 7.3.21-k8-NAPI
[    1.382708] e1000: Copyright (c) 1999-2006 Intel Corporation.
[    1.392210] Fusion MPT base driver 3.04.20
[    1.395229] Copyright (c) 1999-2008 LSI Corporation
[    1.409917] Fusion MPT SPI Host driver 3.04.20
[    1.416627] SSE version of gcm_enc/dec engaged.
[    1.637477] input: ImExPS/2 Generic Explorer Mouse as /devices/platform/i8042/serio1/input/input4
[    1.987482] e1000 0000:00:03.0 eth0: (PCI:33MHz:32-bit) 02:3e:6f:b6:28:d7
[    1.991361] e1000 0000:00:03.0 eth0: Intel(R) PRO/1000 Network Connection
[    2.487332] e1000 0000:00:08.0 eth1: (PCI:33MHz:32-bit) 08:00:27:33:6c:20
[    2.491419] e1000 0000:00:08.0 eth1: Intel(R) PRO/1000 Network Connection
[    2.497767] e1000 0000:00:03.0 enp0s3: renamed from eth0
[    2.502209] mptbase: ioc0: Initiating bringup
[    2.517295] e1000 0000:00:08.0 enp0s8: renamed from eth1
[    4.481724] ioc0: LSI53C1030 A0: Capabilities={Initiator}
[    4.736340] scsi host2: ioc0: LSI53C1030 A0, FwRev=00000000h, Ports=1, MaxQ=256, IRQ=20
[    4.910521] scsi 2:0:0:0: Direct-Access     VBOX     HARDDISK         1.0  PQ: 0 ANSI: 5
[    4.952580] scsi target2:0:0: Beginning Domain Validation
[    4.965440] scsi target2:0:0: Domain Validation skipping write tests
[    4.969570] scsi target2:0:0: Ending Domain Validation
[    4.973261] scsi target2:0:0: asynchronous
[    4.977790] scsi 2:0:1:0: Direct-Access     VBOX     HARDDISK         1.0  PQ: 0 ANSI: 5
[    5.012916] scsi target2:0:1: Beginning Domain Validation
[    5.025879] scsi target2:0:1: Domain Validation skipping write tests
[    5.030086] scsi target2:0:1: Ending Domain Validation
[    5.033967] scsi target2:0:1: asynchronous
[    5.047333] sd 2:0:0:0: Attached scsi generic sg0 type 0
[    5.048652] sd 2:0:0:0: [sda] 83886080 512-byte logical blocks: (42.9 GB/40.0 GiB)
[    5.051411] sd 2:0:1:0: Attached scsi generic sg1 type 0
[    5.056260] sd 2:0:0:0: [sda] Write Protect is off
[    5.062806] sd 2:0:1:0: [sdb] 20480 512-byte logical blocks: (10.5 MB/10.0 MiB)
[    5.067557] sd 2:0:0:0: [sda] Incomplete mode parameter data
[    5.071099] sd 2:0:0:0: [sda] Assuming drive cache: write through
[    5.072870] sd 2:0:1:0: [sdb] Write Protect is off
[    5.080385] sd 2:0:1:0: [sdb] Incomplete mode parameter data
[    5.082291]  sda: sda1
[    5.084495] sd 2:0:1:0: [sdb] Assuming drive cache: write through
[    5.093327] sd 2:0:0:0: [sda] Attached SCSI disk
[    5.100681] sd 2:0:1:0: [sdb] Attached SCSI disk
Begin: Loading essential drivers ... [    6.960014] raid6: sse2x1   gen() 16851 MB/s
[    7.008042] raid6: sse2x1   xor() 11033 MB/s
[    7.056047] raid6: sse2x2   gen() 22486 MB/s
[    7.104036] raid6: sse2x2   xor() 15317 MB/s
[    7.152626] raid6: sse2x4   gen() 24000 MB/s
[    7.205797] raid6: sse2x4   xor() 14338 MB/s
[    7.209180] raid6: using algorithm sse2x4 gen() 24000 MB/s
[    7.212370] raid6: .... xor() 14338 MB/s, rmw enabled
[    7.215409] raid6: using ssse3x2 recovery algorithm
[    7.220883] xor: measuring software checksum speed
[   12.440885]    prefetch64-sse: 1426905.704 MB/sec
[   12.544503]    generic_sse: 56616.000 MB/sec
[   12.547341] xor: using function: prefetch64-sse (1426905.704 MB/sec)
[   12.554045] async_tx: api initialized (async)
done.
Begin: Running /scripts/init-premount ... done.
Begin: Mounting root file system ... Begin: Running /scripts/local-top ... done.
Begin: Running /scripts/local-premount ... [   12.604711] Btrfs loaded, crc32c=crc32c-intel
Scanning for Btrfs filesystems
done.
Warning: fsck not present, so skipping root file system
[   12.642589] EXT4-fs (sda1): INFO: recovery required on readonly filesystem
[   12.647260] EXT4-fs (sda1): write access will be enabled during recovery
[   12.658036] EXT4-fs (sda1): recovery complete
[   12.661672] EXT4-fs (sda1): mounted filesystem with ordered data mode. Opts: (null)
done.
Begin: Running /scripts/local-bottom ... done.
Begin: Running /scripts/init-bottom ... done.
[   12.871402] ip_tables: (C) 2000-2006 Netfilter Core Team
[   12.887728] systemd[1]: systemd 237 running in system mode. (+PAM +AUDIT +SELINUX +IMA +APPARMOR +SMACK +SYSVINIT +UTMP +LIBCRYPTSETUP +GCRYPT +GNUTLS +ACL +XZ +LZ4 +SECCOMP +BLKID +ELFUTILS +KMOD -IDN2 +IDN -PCRE2 default-hierarchy=hybrid)
[   12.901269] systemd[1]: Detected virtualization oracle.
[   12.904607] systemd[1]: Detected architecture x86-64.

Welcome to [1mUbuntu 18.04.6 LTS[0m!

[   12.926464] systemd[1]: Set hostname to <buthorS>.
[   13.221832] systemd[1]: Reached target Swap.
[[0;32m  OK  [0m] Reached target Swap.
[   13.234339] systemd[1]: Created slice User and Session Slice.
[[0;32m  OK  [0m] Created slice User and Session Slice.
[   13.239842] systemd[1]: Reached target System Time Synchronized.
[[0;32m  OK  [0m] Reached target System Time Synchronized.
[   13.245128] systemd[1]: Reached target Mounting snaps.
[[0;32m  OK  [0m] Reached target Mounting snaps.
[   13.249365] systemd[1]: Reached target Mounted snaps.
[[0;32m  OK  [0m] Reached target Mounted snaps.
[   13.253767] systemd[1]: Created slice System Slice.
[[0;32m  OK  [0m] Created slice System Slice.
[[0;32m  OK  [0m] Listening on Network Service Netlink Socket.
[[0;32m  OK  [0m] Listening on Journal Socket.
         Starting Uncomplicated firewall...
[[0;32m  OK  [0m] Listening on udev Control Socket.
[[0;32m  OK  [0m] Listening on Journal Socket (/dev/log).
         Mounting Huge Pages File System...
[[0;32m  OK  [0m] Listening on Syslog Socket.
[[0;32m  OK  [0m] Listening on Device-mapper event daemon FIFOs.
         Mounting Kernel Debug File System...
[[0;32m  OK  [0m] Listening on LVM2 metadata daemon socket.
[[0;32m  OK  [0m] Listening on udev Kernel Socket.
         Mounting POSIX Message Queue File System...
[[0;32m  OK  [0m] Listening on /dev/initctl Compatibility Named Pipe.
         Starting Monitoring of LVM2 mirrors…ng dmeventd or progress polling...
         Starting Create list of required st…ce nodes for the current kernel...
         Starting udev Coldplug all Devices...
[[0;32m  OK  [0m] Listening on fsck to fsckd communication Socket.
         Starting File System Check on Root Device...
[[0;32m  OK  [0m] Created slice system-serial\x2dgetty.slice.
[[0;32m  OK  [0m] Reached target Slices.
[[0;32m  OK  [0m] Set up automount Arbitrary Executab…rmats File System Automount Point.
[[0;32m  OK  [0m] Reached target User and Group Name Lookups.
         Starting Set the console keyboard layout...
[[0;32m  OK  [0m] Listening on Journal Audit Socket.
         Starting Journal Service...
[[0;32m  OK  [0m] Started Forward Password Requests to Wall Directory Watch.
[[0;32m  OK  [0m] Listening on LVM2 poll daemon socket.
         Starting Load Kernel Modules...
[[0;32m  OK  [0m] Started Uncomplicated firewall.
[[0;32m  OK  [0m] Mounted Huge Pages File System.
[[0;32m  OK  [0m] Mounted Kernel Debug File System.
[[0;32m  OK  [0m] Mounted POSIX Message Queue File System.
[[0;32m  OK  [0m] Started Create list of required sta…vice nodes for the current kernel.
[[0;32m  OK  [0m] Started File System Check Daemon to report status.
[[0;32m  OK  [0m] Started LVM2 metadata daemon.
         Starting Create Static Device Nodes in /dev...
[[0;32m  OK  [0m] Started udev Coldplug all Devices.
[[0;32m  OK  [0m] Started Journal Service.
[[0;32m  OK  [0m] Started File System Check on Root Device.
         Starting Remount Root and Kernel File Systems...
[   13.416943] Loading iSCSI transport class v2.0-870.
[   13.425545] iscsi: registered transport (tcp)
[[0;32m  OK  [0m] Started Create Static Device Nodes in /dev.
[   13.480999] EXT4-fs (sda1): re-mounted. Opts: (null)
[[0;32m  OK  [0m] Started Remount Root and Kernel File Systems.
         Starting Flush Journal to Persistent Storage...
         Starting Load/Save Random Seed...
         Starting udev Kernel Device Manager...
[[0;32m  OK  [0m] Started Monitoring of LVM2 mirrors,…sing dmeventd or progress polling.
[   13.524473] systemd-journald[418]: Received request to flush runtime journal from PID 1
[[0;32m  OK  [0m] Started Load/Save Random Seed.
[   13.539432] iscsi: registered transport (iser)
[[0;32m  OK  [0m] Started Load Kernel Modules.
         Starting Apply Kernel Variables...
         Mounting FUSE Control File System...
         Mounting Kernel Configuration File System...
[[0;32m  OK  [0m] Mounted FUSE Control File System.
[[0;32m  OK  [0m] Mounted Kernel Configuration File System.
[[0;32m  OK  [0m] Started udev Kernel Device Manager.
[[0;32m  OK  [0m] Started Set the console keyboard layout.
[[0;32m  OK  [0m] Reached target Local File Systems (Pre).
[[0;32m  OK  [0m] Reached target Local File Systems.
         Starting ebtables ruleset management...
         Starting Set console font and keymap...
         Starting Tell Plymouth To Write Out Runtime Data...
         Starting AppArmor initialization...
[[0;32m  OK  [0m] Started Dispatch Password Requests to Console Directory Watch.
[[0;32m  OK  [0m] Reached target Local Encrypted Volumes.
[[0;32m  OK  [0m] Started Apply Kernel Variables.
[[0;32m  OK  [0m] Started Set console font and keymap.
[[0;32m  OK  [0m] Started Tell Plymouth To Write Out Runtime Data.
[[0;32m  OK  [0m] Started Flush Journal to Persistent Storage.
         Starting Create Volatile Files and Directories...
[[0;32m  OK  [0m] Started Create Volatile Files and Directories.
         Starting Update UTMP about System Boot/Shutdown...
[[0;32m  OK  [0m] Started Update UTMP about System Boot/Shutdown.
[[0;32m  OK  [0m] Started ebtables ruleset management.
[[0;32m  OK  [0m] Found device /dev/ttyS0.
[[0;32m  OK  [0m] Listening on Load/Save RF Kill Switch Status /dev/rfkill Watch.
[[0;32m  OK  [0m] Started AppArmor initialization.
         Starting Load AppArmor profiles managed internally by snapd...
         Starting Initial cloud-init job (pre-networking)...
         Mounting Arbitrary Executable File Formats File System...
[[0;32m  OK  [0m] Mounted Arbitrary Executable File Formats File System.
[[0;32m  OK  [0m] Started Load AppArmor profiles managed internally by snapd.
[   15.033468] cloud-init[565]: Cloud-init v. 23.1.2-0ubuntu0~18.04.1 running 'init-local' at Mon, 20 Nov 2023 02:10:20 +0000. Up 14.90 seconds.
[[0;32m  OK  [0m] Started Initial cloud-init job (pre-networking).
[[0;32m  OK  [0m] Reached target Network (Pre).
         Starting Network Service...
[[0;32m  OK  [0m] Started Network Service.
         Starting Wait for Network to be Configured...
         Starting Network Name Resolution...
[[0;32m  OK  [0m] Started Network Name Resolution.
[[0;32m  OK  [0m] Reached target Host and Network Name Lookups.
[[0;32m  OK  [0m] Reached target Network.
[[0;32m  OK  [0m] Started Wait for Network to be Configured.
         Starting Initial cloud-init job (metadata service crawler)...
[   16.538280] cloud-init[677]: Cloud-init v. 23.1.2-0ubuntu0~18.04.1 running 'init' at Mon, 20 Nov 2023 02:10:21 +0000. Up 16.45 seconds.
[   16.541487] cloud-init[677]: ci-info: ++++++++++++++++++++++++++++++++++++++Net device info+++++++++++++++++++++++++++++++++++++++
[   16.544527] cloud-init[677]: ci-info: +--------+------+-----------------------------+---------------+--------+-------------------+
[   16.547158] cloud-init[677]: ci-info: | Device |  Up  |           Address           |      Mask     | Scope  |     Hw-Address    |
[   16.550365] cloud-init[677]: ci-info: +--------+------+-----------------------------+---------------+--------+-------------------+
[   16.552927] cloud-init[677]: ci-info: | enp0s3 | True |          10.0.2.15          | 255.255.255.0 | global | 02:3e:6f:b6:28:d7 |
[   16.555732] cloud-init[677]: ci-info: | enp0s3 | True |  fe80::3e:6fff:feb6:28d7/64 |       .       |  link  | 02:3e:6f:b6:28:d7 |
[   16.558472] cloud-init[677]: ci-info: | enp0s8 | True |        192.168.56.110       | 255.255.255.0 | global | 08:00:27:33:6c:20 |
[   16.561034] cloud-init[677]: ci-info: | enp0s8 | True | fe80::a00:27ff:fe33:6c20/64 |       .       |  link  | 08:00:27:33:6c:20 |
[   16.563730] cloud-init[677]: ci-info: |   lo   | True |          127.0.0.1          |   255.0.0.0   |  host  |         .         |
[   16.566254] cloud-init[677]: ci-info: |   lo   | True |           ::1/128           |       .       |  host  |         .         |
[   16.568811] cloud-init[677]: ci-info: +--------+------+-----------------------------+---------------+--------+-------------------+
[   16.571352] cloud-init[677]: ci-info: +++++++++++++++++++++++++++++Route IPv4 info+++++++++++++++++++++++++++++
[   16.573756] cloud-init[677]: ci-info: +-------+--------------+----------+-----------------+-----------+-------+
[   16.576304] cloud-init[677]: ci-info: | Route | Destination  | Gateway  |     Genmask     | Interface | Flags |
[   16.578715] cloud-init[677]: ci-info: +-------+--------------+----------+-----------------+-----------+-------+
[   16.581255] cloud-init[677]: ci-info: |   0   |   0.0.0.0    | 10.0.2.2 |     0.0.0.0     |   enp0s3  |   UG  |
[   16.583690] cloud-init[677]: ci-info: |   1   |   10.0.2.0   | 0.0.0.0  |  255.255.255.0  |   enp0s3  |   U   |
[   16.585968] cloud-init[677]: ci-info: |   2   |   10.0.2.2   | 0.0.0.0  | 255.255.255.255 |   enp0s3  |   UH  |
[   16.588301] cloud-init[677]: ci-info: |   3   | 192.168.56.0 | 0.0.0.0  |  255.255.255.0  |   enp0s8  |   U   |
[   16.590561] cloud-init[677]: ci-info: +-------+--------------+----------+-----------------+-----------+-------+
[   16.592899] cloud-init[677]: ci-info: +++++++++++++++++++Route IPv6 info+++++++++++++++++++
[   16.594761] cloud-init[677]: ci-info: +-------+-------------+---------+-----------+-------+
[   16.596779] cloud-init[677]: ci-info: | Route | Destination | Gateway | Interface | Flags |
[   16.598612] cloud-init[677]: ci-info: +-------+-------------+---------+-----------+-------+
[   16.600578] cloud-init[677]: ci-info: |   1   |  fe80::/64  |    ::   |   enp0s8  |   U   |
[   16.602414] cloud-init[677]: ci-info: |   2   |  fe80::/64  |    ::   |   enp0s3  |   U   |
[   16.604395] cloud-init[677]: ci-info: |   4   |    local    |    ::   |   enp0s3  |   U   |
[   16.606327] cloud-init[677]: ci-info: |   5   |    local    |    ::   |   enp0s8  |   U   |
[   16.608212] cloud-init[677]: ci-info: |   6   |   ff00::/8  |    ::   |   enp0s8  |   U   |
[   16.609948] cloud-init[677]: ci-info: |   7   |   ff00::/8  |    ::   |   enp0s3  |   U   |
[   16.611728] cloud-init[677]: ci-info: +-------+-------------+---------+-----------+-------+
[[0;32m  OK  [0m] Started Initial cloud-init job (metadata service crawler).
[[0;32m  OK  [0m] Reached target Network is Online.
         Starting Availability of block devices...
[[0;32m  OK  [0m] Reached target Remote File Systems (Pre).
         Mounting /vagrant...
[[0;32m  OK  [0m] Reached target System Initialization.
[[0;32m  OK  [0m] Listening on Open-iSCSI iscsid Socket.
[[0;32m  OK  [0m] Listening on UUID daemon activation socket.
         Starting Socket activation for snappy daemon.
[[0;32m  OK  [0m] Started Daily apt download activities.
[[0;32m  OK  [0m] Listening on cloud-init hotplug hook socket.
[[0;32m  OK  [0m] Started Message of the Day.
[[0;32m  OK  [0m] Started ACPI Events Check.
[[0;32m  OK  [0m] Listening on D-Bus System Message Bus Socket.
[[0;32m  OK  [0m] Started Daily Cleanup of Temporary Directories.
[[0;32m  OK  [0m] Started Ubuntu Advantage Timer for running repeated jobs.
[[0;32m  OK  [0m] Started Discard unused blocks once a week.
[[0;32m  OK  [0m] Reached target Paths.
         Starting LXD - unix socket.
[[0;32m  OK  [0m] Listening on ACPID Listen Socket.
[[0;32m  OK  [0m] Started Daily apt upgrade and clean activities.
[[0;32m  OK  [0m] Reached target Timers.
[[0;32m  OK  [0m] Reached target Cloud-config availability.
[[0;32m  OK  [0m] Started Availability of block devices.
[[0;32m  OK  [0m] Mounted /vagrant.
[[0;32m  OK  [0m] Listening on Socket activation for snappy daemon.
[[0;32m  OK  [0m] Listening on LXD - unix socket.
[[0;32m  OK  [0m] Reached target Sockets.
[[0;32m  OK  [0m] Reached target Basic System.
[[0;32m  OK  [0m] Started FUSE filesystem for LXC.
         Starting OpenBSD Secure Shell server...
         Starting Login Service...
         Starting Accounts Service...
         Starting LXD - container startup/shutdown...
[[0;32m  OK  [0m] Started irqbalance daemon.
[[0;32m  OK  [0m] Started Regular background program processing daemon.
         Starting Virtualbox guest utils...
         Starting LSB: Record successful boot for GRUB...
         Starting System Logging Service...
[[0;32m  OK  [0m] Started D-Bus System Message Bus.
         Starting Dispatcher daemon for systemd-networkd...
[[0;32m  OK  [0m] Started Deferred execution scheduler.
         Starting Lightweight Kubernetes...
         Starting Snap Daemon...
[[0;32m  OK  [0m] Reached target Login Prompts (Pre).
[[0;32m  OK  [0m] Reached target Remote File Systems.
         Starting Permit User Sessions...
         Starting LSB: automatic crash report generation...
[[0;32m  OK  [0m] Started System Logging Service.
[[0;32m  OK  [0m] Started LXD - container startup/shutdown.
[[0;32m  OK  [0m] Started Login Service.
[[0;32m  OK  [0m] Started Unattended Upgrades Shutdown.
[[0;32m  OK  [0m] Started OpenBSD Secure Shell server.
[[0;32m  OK  [0m] Started Permit User Sessions.
         Starting Terminate Plymouth Boot Screen...
         Starting Hold until boot process finishes up...
[[0;32m  OK  [0m] Started Hold until boot process finishes up.
         Starting Set console scheme...
[[0;32m  OK  [0m] Started Serial Getty on ttyS0.
[[0;32m  OK  [0m] Started Terminate Plymouth Boot Screen.
[[0;32m  OK  [0m] Started Set console scheme.
[[0;32m  OK  [0m] Created slice system-getty.slice.
[[0;32m  OK  [0m] Started Getty on tty1.
[[0;32m  OK  [0m] Reached target Login Prompts.
         Starting Authorization Manager...
[[0;32m  OK  [0m] Started Virtualbox guest utils.
         Starting Message of the Day...
[[0;32m  OK  [0m] Started LSB: Record successful boot for GRUB.
[[0;32m  OK  [0m] Started Authorization Manager.
[[0;32m  OK  [0m] Started Accounts Service.
[[0;32m  OK  [0m] Started LSB: automatic crash report generation.
[[0;32m  OK  [0m] Started Dispatcher daemon for systemd-networkd.
[[0;32m  OK  [0m] Started Snap Daemon.
         Starting Wait until snapd is fully seeded...
         Starting Time & Date Service...
[[0;32m  OK  [0m] Started Time & Date Service.
[[0;32m  OK  [0m] Started Wait until snapd is fully seeded.
         Starting Apply the settings specified in cloud-config...
[   19.168120] cloud-init[1220]: Cloud-init v. 23.1.2-0ubuntu0~18.04.1 running 'modules:config' at Mon, 20 Nov 2023 19:28:21 +0000. Up 19.10 seconds.
[[0;32m  OK  [0m] Started Apply the settings specified in cloud-config.

Ubuntu 18.04.6 LTS buthorS ttyS0

[   23.224728] cloud-init[1368]: Cloud-init v. 23.1.2-0ubuntu0~18.04.1 running 'modules:final' at Mon, 20 Nov 2023 19:28:24 +0000. Up 22.97 seconds.buthorS login: 
[   23.234444] cloud-init[1368]: Cloud-init v. 23.1.2-0ubuntu0~18.04.1 finished at Mon, 20 Nov 2023 19:28:25 +0000. Datasource DataSourceNoCloud [seed=/dev/sdb][dsmode=net].  Up 23.07 seconds
[[0;32m  OK  [0m] Started Update the local ESM caches.
[[0;32m  OK  [0m] Stopped Wait until snapd is fully seeded.
         Stopping Wait until snapd is fully seeded...
[[0;32m  OK  [0m] Closed Socket activation for snappy daemon.
         Stopping Socket activation for snappy daemon.
         Starting Socket activation for snappy daemon.
[[0;32m  OK  [0m] Listening on Socket activation for snappy daemon.
         Starting Wait until snapd is fully seeded...
         Starting Snap Daemon...
[[0;32m  OK  [0m] Stopped Snap Daemon.
         Starting Snap Daemon...
[[0;32m  OK  [0m] Started Snap Daemon.
[[0;32m  OK  [0m] Started Wait until snapd is fully seeded.
         Starting Time & Date Service...
[[0;32m  OK  [0m] Started Time & Date Service.
[[0;32m  OK  [0m] Stopped Load AppArmor profiles managed internally by snapd.
         Stopping Load AppArmor profiles managed internally by snapd...
         Starting Load AppArmor profiles managed internally by snapd...
[[0;32m  OK  [0m] Started Load AppArmor profiles managed internally by snapd.
[[0;32m  OK  [0m] Stopped target Mounted snaps.
         Stopping Mounted snaps.
[[0;32m  OK  [0m] Reached target Mounted snaps.
[[0;32m  OK  [0m] Stopped Wait until snapd is fully seeded.
         Stopping Wait until snapd is fully seeded...
         Starting Wait until snapd is fully seeded...
[[0;32m  OK  [0m] Started Wait until snapd is fully seeded.
[[0;32m  OK  [0m] Started Daily apt upgrade and clean activities.
